{"/Users/vittorioarpino/Desktop/Projects/Hike-Tracker/server/task-scheduler.js": {"path":"/Users/vittorioarpino/Desktop/Projects/Hike-Tracker/server/task-scheduler.js","statementMap":{"0":{"start":{"line":2,"column":18},"end":{"line":2,"column":47}},"1":{"start":{"line":6,"column":8},"end":{"line":6,"column":46}},"2":{"start":{"line":10,"column":8},"end":{"line":12,"column":9}},"3":{"start":{"line":11,"column":12},"end":{"line":11,"column":84}},"4":{"start":{"line":13,"column":8},"end":{"line":19,"column":20}},"5":{"start":{"line":14,"column":12},"end":{"line":18,"column":6}},"6":{"start":{"line":23,"column":8},"end":{"line":26,"column":9}},"7":{"start":{"line":24,"column":12},"end":{"line":24,"column":67}},"8":{"start":{"line":25,"column":12},"end":{"line":25,"column":60}},"9":{"start":{"line":30,"column":8},"end":{"line":32,"column":9}},"10":{"start":{"line":31,"column":12},"end":{"line":31,"column":54}},"11":{"start":{"line":36,"column":0},"end":{"line":36,"column":37}}},"fnMap":{"0":{"name":"(anonymous_0)","decl":{"start":{"line":5,"column":4},"end":{"line":5,"column":5}},"loc":{"start":{"line":5,"column":18},"end":{"line":7,"column":5}},"line":5},"1":{"name":"(anonymous_1)","decl":{"start":{"line":9,"column":4},"end":{"line":9,"column":5}},"loc":{"start":{"line":9,"column":55},"end":{"line":20,"column":5}},"line":9},"2":{"name":"(anonymous_2)","decl":{"start":{"line":13,"column":64},"end":{"line":13,"column":65}},"loc":{"start":{"line":13,"column":76},"end":{"line":19,"column":9}},"line":13},"3":{"name":"(anonymous_3)","decl":{"start":{"line":22,"column":4},"end":{"line":22,"column":5}},"loc":{"start":{"line":22,"column":44},"end":{"line":27,"column":5}},"line":22},"4":{"name":"(anonymous_4)","decl":{"start":{"line":29,"column":4},"end":{"line":29,"column":5}},"loc":{"start":{"line":29,"column":15},"end":{"line":33,"column":5}},"line":29}},"branchMap":{"0":{"loc":{"start":{"line":10,"column":8},"end":{"line":12,"column":9}},"type":"if","locations":[{"start":{"line":10,"column":8},"end":{"line":12,"column":9}},{"start":{},"end":{}}],"line":10},"1":{"loc":{"start":{"line":23,"column":8},"end":{"line":26,"column":9}},"type":"if","locations":[{"start":{"line":23,"column":8},"end":{"line":26,"column":9}},{"start":{},"end":{}}],"line":23}},"s":{"0":4,"1":4,"2":48,"3":0,"4":48,"5":1,"6":48,"7":48,"8":48,"9":2,"10":6,"11":4},"f":{"0":4,"1":48,"2":1,"3":48,"4":2},"b":{"0":[0,48],"1":[48,0]},"_coverageSchema":"1a1c01bbd47fc00a2c39e90264f33305004495a9","hash":"39f146b47065b62286bc9a88e926b3851d6914f3"}
,"/Users/vittorioarpino/Desktop/Projects/Hike-Tracker/server/controllers/hike-controller.js": {"path":"/Users/vittorioarpino/Desktop/Projects/Hike-Tracker/server/controllers/hike-controller.js","statementMap":{"0":{"start":{"line":1,"column":12},"end":{"line":1,"column":26}},"1":{"start":{"line":2,"column":17},"end":{"line":2,"column":51}},"2":{"start":{"line":3,"column":24},"end":{"line":3,"column":52}},"3":{"start":{"line":4,"column":16},"end":{"line":4,"column":43}},"4":{"start":{"line":5,"column":52},"end":{"line":5,"column":78}},"5":{"start":{"line":15,"column":1},"end":{"line":80,"column":2}},"6":{"start":{"line":16,"column":20},"end":{"line":16,"column":23}},"7":{"start":{"line":18,"column":17},"end":{"line":45,"column":4}},"8":{"start":{"line":47,"column":27},"end":{"line":47,"column":49}},"9":{"start":{"line":49,"column":2},"end":{"line":49,"column":25}},"10":{"start":{"line":49,"column":13},"end":{"line":49,"column":25}},"11":{"start":{"line":51,"column":15},"end":{"line":51,"column":17}},"12":{"start":{"line":53,"column":2},"end":{"line":53,"column":82}},"13":{"start":{"line":53,"column":23},"end":{"line":53,"column":82}},"14":{"start":{"line":54,"column":2},"end":{"line":54,"column":82}},"15":{"start":{"line":54,"column":23},"end":{"line":54,"column":82}},"16":{"start":{"line":55,"column":2},"end":{"line":55,"column":82}},"17":{"start":{"line":55,"column":23},"end":{"line":55,"column":82}},"18":{"start":{"line":56,"column":2},"end":{"line":56,"column":82}},"19":{"start":{"line":56,"column":23},"end":{"line":56,"column":82}},"20":{"start":{"line":57,"column":2},"end":{"line":58,"column":80}},"21":{"start":{"line":58,"column":3},"end":{"line":58,"column":80}},"22":{"start":{"line":59,"column":2},"end":{"line":60,"column":80}},"23":{"start":{"line":60,"column":3},"end":{"line":60,"column":80}},"24":{"start":{"line":61,"column":2},"end":{"line":61,"column":61}},"25":{"start":{"line":61,"column":24},"end":{"line":61,"column":61}},"26":{"start":{"line":62,"column":2},"end":{"line":62,"column":72}},"27":{"start":{"line":62,"column":23},"end":{"line":62,"column":72}},"28":{"start":{"line":63,"column":2},"end":{"line":74,"column":5}},"29":{"start":{"line":64,"column":3},"end":{"line":74,"column":5}},"30":{"start":{"line":76,"column":16},"end":{"line":76,"column":74}},"31":{"start":{"line":77,"column":2},"end":{"line":77,"column":48}},"32":{"start":{"line":79,"column":2},"end":{"line":79,"column":72}},"33":{"start":{"line":91,"column":1},"end":{"line":103,"column":2}},"34":{"start":{"line":92,"column":21},"end":{"line":92,"column":24}},"35":{"start":{"line":94,"column":15},"end":{"line":94,"column":51}},"36":{"start":{"line":96,"column":2},"end":{"line":98,"column":3}},"37":{"start":{"line":97,"column":3},"end":{"line":97,"column":44}},"38":{"start":{"line":100,"column":2},"end":{"line":100,"column":47}},"39":{"start":{"line":102,"column":2},"end":{"line":102,"column":72}},"40":{"start":{"line":114,"column":1},"end":{"line":151,"column":2}},"41":{"start":{"line":116,"column":19},"end":{"line":116,"column":22}},"42":{"start":{"line":120,"column":17},"end":{"line":136,"column":4}},"43":{"start":{"line":139,"column":27},"end":{"line":139,"column":48}},"44":{"start":{"line":141,"column":2},"end":{"line":141,"column":25}},"45":{"start":{"line":141,"column":13},"end":{"line":141,"column":25}},"46":{"start":{"line":145,"column":2},"end":{"line":145,"column":33}},"47":{"start":{"line":147,"column":22},"end":{"line":147,"column":53}},"48":{"start":{"line":148,"column":2},"end":{"line":148,"column":59}},"49":{"start":{"line":150,"column":2},"end":{"line":150,"column":90}},"50":{"start":{"line":162,"column":1},"end":{"line":192,"column":2}},"51":{"start":{"line":164,"column":27},"end":{"line":164,"column":30}},"52":{"start":{"line":167,"column":17},"end":{"line":180,"column":4}},"53":{"start":{"line":183,"column":27},"end":{"line":183,"column":48}},"54":{"start":{"line":185,"column":2},"end":{"line":185,"column":25}},"55":{"start":{"line":185,"column":13},"end":{"line":185,"column":25}},"56":{"start":{"line":187,"column":22},"end":{"line":187,"column":64}},"57":{"start":{"line":189,"column":2},"end":{"line":189,"column":54}},"58":{"start":{"line":191,"column":2},"end":{"line":191,"column":90}},"59":{"start":{"line":196,"column":1},"end":{"line":217,"column":2}},"60":{"start":{"line":198,"column":27},"end":{"line":198,"column":30}},"61":{"start":{"line":201,"column":17},"end":{"line":203,"column":4}},"62":{"start":{"line":206,"column":27},"end":{"line":206,"column":48}},"63":{"start":{"line":209,"column":2},"end":{"line":209,"column":25}},"64":{"start":{"line":209,"column":13},"end":{"line":209,"column":25}},"65":{"start":{"line":211,"column":22},"end":{"line":211,"column":64}},"66":{"start":{"line":213,"column":2},"end":{"line":213,"column":54}},"67":{"start":{"line":215,"column":2},"end":{"line":215,"column":19}},"68":{"start":{"line":216,"column":2},"end":{"line":216,"column":90}},"69":{"start":{"line":219,"column":0},"end":{"line":225,"column":2}}},"fnMap":{"0":{"name":"getHikes","decl":{"start":{"line":14,"column":15},"end":{"line":14,"column":23}},"loc":{"start":{"line":14,"column":34},"end":{"line":81,"column":1}},"line":14},"1":{"name":"getHikeById","decl":{"start":{"line":90,"column":15},"end":{"line":90,"column":26}},"loc":{"start":{"line":90,"column":37},"end":{"line":104,"column":1}},"line":90},"2":{"name":"createHike","decl":{"start":{"line":113,"column":15},"end":{"line":113,"column":25}},"loc":{"start":{"line":113,"column":36},"end":{"line":152,"column":1}},"line":113},"3":{"name":"updateHike","decl":{"start":{"line":161,"column":15},"end":{"line":161,"column":25}},"loc":{"start":{"line":161,"column":36},"end":{"line":193,"column":1}},"line":161},"4":{"name":"updateHikeCondition","decl":{"start":{"line":195,"column":15},"end":{"line":195,"column":34}},"loc":{"start":{"line":195,"column":45},"end":{"line":218,"column":1}},"line":195}},"branchMap":{"0":{"loc":{"start":{"line":49,"column":2},"end":{"line":49,"column":25}},"type":"if","locations":[{"start":{"line":49,"column":2},"end":{"line":49,"column":25}},{"start":{},"end":{}}],"line":49},"1":{"loc":{"start":{"line":53,"column":2},"end":{"line":53,"column":82}},"type":"if","locations":[{"start":{"line":53,"column":2},"end":{"line":53,"column":82}},{"start":{},"end":{}}],"line":53},"2":{"loc":{"start":{"line":54,"column":2},"end":{"line":54,"column":82}},"type":"if","locations":[{"start":{"line":54,"column":2},"end":{"line":54,"column":82}},{"start":{},"end":{}}],"line":54},"3":{"loc":{"start":{"line":55,"column":2},"end":{"line":55,"column":82}},"type":"if","locations":[{"start":{"line":55,"column":2},"end":{"line":55,"column":82}},{"start":{},"end":{}}],"line":55},"4":{"loc":{"start":{"line":56,"column":2},"end":{"line":56,"column":82}},"type":"if","locations":[{"start":{"line":56,"column":2},"end":{"line":56,"column":82}},{"start":{},"end":{}}],"line":56},"5":{"loc":{"start":{"line":57,"column":2},"end":{"line":58,"column":80}},"type":"if","locations":[{"start":{"line":57,"column":2},"end":{"line":58,"column":80}},{"start":{},"end":{}}],"line":57},"6":{"loc":{"start":{"line":59,"column":2},"end":{"line":60,"column":80}},"type":"if","locations":[{"start":{"line":59,"column":2},"end":{"line":60,"column":80}},{"start":{},"end":{}}],"line":59},"7":{"loc":{"start":{"line":61,"column":2},"end":{"line":61,"column":61}},"type":"if","locations":[{"start":{"line":61,"column":2},"end":{"line":61,"column":61}},{"start":{},"end":{}}],"line":61},"8":{"loc":{"start":{"line":62,"column":2},"end":{"line":62,"column":72}},"type":"if","locations":[{"start":{"line":62,"column":2},"end":{"line":62,"column":72}},{"start":{},"end":{}}],"line":62},"9":{"loc":{"start":{"line":63,"column":2},"end":{"line":74,"column":5}},"type":"if","locations":[{"start":{"line":63,"column":2},"end":{"line":74,"column":5}},{"start":{},"end":{}}],"line":63},"10":{"loc":{"start":{"line":63,"column":6},"end":{"line":63,"column":90}},"type":"binary-expr","locations":[{"start":{"line":63,"column":6},"end":{"line":63,"column":34}},{"start":{"line":63,"column":38},"end":{"line":63,"column":66}},{"start":{"line":63,"column":70},"end":{"line":63,"column":90}}],"line":63},"11":{"loc":{"start":{"line":96,"column":2},"end":{"line":98,"column":3}},"type":"if","locations":[{"start":{"line":96,"column":2},"end":{"line":98,"column":3}},{"start":{},"end":{}}],"line":96},"12":{"loc":{"start":{"line":141,"column":2},"end":{"line":141,"column":25}},"type":"if","locations":[{"start":{"line":141,"column":2},"end":{"line":141,"column":25}},{"start":{},"end":{}}],"line":141},"13":{"loc":{"start":{"line":185,"column":2},"end":{"line":185,"column":25}},"type":"if","locations":[{"start":{"line":185,"column":2},"end":{"line":185,"column":25}},{"start":{},"end":{}}],"line":185},"14":{"loc":{"start":{"line":209,"column":2},"end":{"line":209,"column":25}},"type":"if","locations":[{"start":{"line":209,"column":2},"end":{"line":209,"column":25}},{"start":{},"end":{}}],"line":209}},"s":{"0":4,"1":4,"2":4,"3":4,"4":4,"5":2,"6":2,"7":2,"8":2,"9":2,"10":1,"11":1,"12":1,"13":1,"14":1,"15":1,"16":1,"17":1,"18":1,"19":1,"20":1,"21":1,"22":1,"23":1,"24":1,"25":1,"26":1,"27":0,"28":1,"29":0,"30":1,"31":1,"32":1,"33":3,"34":3,"35":3,"36":2,"37":1,"38":1,"39":1,"40":19,"41":19,"42":19,"43":19,"44":19,"45":1,"46":18,"47":18,"48":17,"49":2,"50":5,"51":5,"52":5,"53":5,"54":5,"55":0,"56":5,"57":5,"58":0,"59":0,"60":0,"61":0,"62":0,"63":0,"64":0,"65":0,"66":0,"67":0,"68":0,"69":4},"f":{"0":2,"1":3,"2":19,"3":5,"4":0},"b":{"0":[1,1],"1":[1,0],"2":[1,0],"3":[1,0],"4":[1,0],"5":[1,0],"6":[1,0],"7":[1,0],"8":[0,1],"9":[0,1],"10":[1,0,0],"11":[1,1],"12":[1,18],"13":[0,5],"14":[0,0]},"_coverageSchema":"1a1c01bbd47fc00a2c39e90264f33305004495a9","hash":"795a941e7fb4f365b2062bb31f581e2da140b870"}
,"/Users/vittorioarpino/Desktop/Projects/Hike-Tracker/server/controllers/location-controller.js": {"path":"/Users/vittorioarpino/Desktop/Projects/Hike-Tracker/server/controllers/location-controller.js","statementMap":{"0":{"start":{"line":1,"column":12},"end":{"line":1,"column":26}},"1":{"start":{"line":2,"column":24},"end":{"line":2,"column":52}},"2":{"start":{"line":3,"column":20},"end":{"line":3,"column":51}},"3":{"start":{"line":4,"column":25},"end":{"line":4,"column":51}},"4":{"start":{"line":5,"column":17},"end":{"line":5,"column":51}},"5":{"start":{"line":15,"column":1},"end":{"line":65,"column":2}},"6":{"start":{"line":16,"column":20},"end":{"line":16,"column":23}},"7":{"start":{"line":17,"column":17},"end":{"line":36,"column":4}},"8":{"start":{"line":38,"column":27},"end":{"line":38,"column":49}},"9":{"start":{"line":39,"column":2},"end":{"line":39,"column":25}},"10":{"start":{"line":39,"column":13},"end":{"line":39,"column":25}},"11":{"start":{"line":41,"column":15},"end":{"line":41,"column":17}},"12":{"start":{"line":43,"column":2},"end":{"line":43,"column":67}},"13":{"start":{"line":43,"column":26},"end":{"line":43,"column":67}},"14":{"start":{"line":44,"column":2},"end":{"line":44,"column":76}},"15":{"start":{"line":44,"column":25},"end":{"line":44,"column":76}},"16":{"start":{"line":45,"column":2},"end":{"line":45,"column":80}},"17":{"start":{"line":45,"column":28},"end":{"line":45,"column":80}},"18":{"start":{"line":46,"column":2},"end":{"line":46,"column":55}},"19":{"start":{"line":46,"column":18},"end":{"line":46,"column":55}},"20":{"start":{"line":47,"column":2},"end":{"line":47,"column":65}},"21":{"start":{"line":47,"column":22},"end":{"line":47,"column":65}},"22":{"start":{"line":48,"column":2},"end":{"line":59,"column":5}},"23":{"start":{"line":49,"column":3},"end":{"line":59,"column":5}},"24":{"start":{"line":61,"column":20},"end":{"line":61,"column":86}},"25":{"start":{"line":62,"column":2},"end":{"line":62,"column":52}},"26":{"start":{"line":64,"column":2},"end":{"line":64,"column":72}},"27":{"start":{"line":75,"column":1},"end":{"line":83,"column":2}},"28":{"start":{"line":76,"column":17},"end":{"line":76,"column":27}},"29":{"start":{"line":78,"column":19},"end":{"line":78,"column":56}},"30":{"start":{"line":80,"column":2},"end":{"line":80,"column":51}},"31":{"start":{"line":82,"column":2},"end":{"line":82,"column":72}},"32":{"start":{"line":94,"column":1},"end":{"line":151,"column":2}},"33":{"start":{"line":96,"column":19},"end":{"line":96,"column":22}},"34":{"start":{"line":99,"column":17},"end":{"line":139,"column":4}},"35":{"start":{"line":142,"column":27},"end":{"line":142,"column":48}},"36":{"start":{"line":144,"column":2},"end":{"line":144,"column":25}},"37":{"start":{"line":144,"column":13},"end":{"line":144,"column":25}},"38":{"start":{"line":147,"column":26},"end":{"line":147,"column":65}},"39":{"start":{"line":148,"column":2},"end":{"line":148,"column":63}},"40":{"start":{"line":150,"column":2},"end":{"line":150,"column":72}},"41":{"start":{"line":155,"column":1},"end":{"line":170,"column":2}},"42":{"start":{"line":156,"column":27},"end":{"line":156,"column":30}},"43":{"start":{"line":157,"column":13},"end":{"line":157,"column":22}},"44":{"start":{"line":158,"column":17},"end":{"line":160,"column":4}},"45":{"start":{"line":162,"column":27},"end":{"line":162,"column":48}},"46":{"start":{"line":164,"column":2},"end":{"line":164,"column":25}},"47":{"start":{"line":164,"column":13},"end":{"line":164,"column":25}},"48":{"start":{"line":165,"column":22},"end":{"line":165,"column":39}},"49":{"start":{"line":166,"column":17},"end":{"line":166,"column":77}},"50":{"start":{"line":167,"column":2},"end":{"line":167,"column":49}},"51":{"start":{"line":169,"column":2},"end":{"line":169,"column":72}},"52":{"start":{"line":174,"column":1},"end":{"line":227,"column":2}},"53":{"start":{"line":175,"column":27},"end":{"line":175,"column":30}},"54":{"start":{"line":176,"column":13},"end":{"line":176,"column":22}},"55":{"start":{"line":178,"column":17},"end":{"line":216,"column":4}},"56":{"start":{"line":218,"column":27},"end":{"line":218,"column":48}},"57":{"start":{"line":220,"column":2},"end":{"line":220,"column":25}},"58":{"start":{"line":220,"column":13},"end":{"line":220,"column":25}},"59":{"start":{"line":222,"column":25},"end":{"line":222,"column":30}},"60":{"start":{"line":223,"column":17},"end":{"line":223,"column":69}},"61":{"start":{"line":224,"column":2},"end":{"line":224,"column":49}},"62":{"start":{"line":226,"column":2},"end":{"line":226,"column":72}},"63":{"start":{"line":231,"column":1},"end":{"line":239,"column":2}},"64":{"start":{"line":232,"column":27},"end":{"line":232,"column":30}},"65":{"start":{"line":234,"column":13},"end":{"line":234,"column":22}},"66":{"start":{"line":235,"column":17},"end":{"line":235,"column":73}},"67":{"start":{"line":236,"column":2},"end":{"line":236,"column":49}},"68":{"start":{"line":238,"column":2},"end":{"line":238,"column":72}},"69":{"start":{"line":242,"column":0},"end":{"line":249,"column":2}}},"fnMap":{"0":{"name":"getLocations","decl":{"start":{"line":14,"column":15},"end":{"line":14,"column":27}},"loc":{"start":{"line":14,"column":38},"end":{"line":66,"column":1}},"line":14},"1":{"name":"getLocationById","decl":{"start":{"line":74,"column":15},"end":{"line":74,"column":30}},"loc":{"start":{"line":74,"column":41},"end":{"line":84,"column":1}},"line":74},"2":{"name":"createLocation","decl":{"start":{"line":93,"column":15},"end":{"line":93,"column":29}},"loc":{"start":{"line":93,"column":40},"end":{"line":152,"column":1}},"line":93},"3":{"name":"updateLocationDescription","decl":{"start":{"line":154,"column":15},"end":{"line":154,"column":40}},"loc":{"start":{"line":154,"column":51},"end":{"line":171,"column":1}},"line":154},"4":{"name":"updateLocation","decl":{"start":{"line":173,"column":15},"end":{"line":173,"column":29}},"loc":{"start":{"line":173,"column":40},"end":{"line":228,"column":1}},"line":173},"5":{"name":"uploadHutPicture","decl":{"start":{"line":230,"column":15},"end":{"line":230,"column":31}},"loc":{"start":{"line":230,"column":42},"end":{"line":240,"column":1}},"line":230}},"branchMap":{"0":{"loc":{"start":{"line":39,"column":2},"end":{"line":39,"column":25}},"type":"if","locations":[{"start":{"line":39,"column":2},"end":{"line":39,"column":25}},{"start":{},"end":{}}],"line":39},"1":{"loc":{"start":{"line":43,"column":2},"end":{"line":43,"column":67}},"type":"if","locations":[{"start":{"line":43,"column":2},"end":{"line":43,"column":67}},{"start":{},"end":{}}],"line":43},"2":{"loc":{"start":{"line":44,"column":2},"end":{"line":44,"column":76}},"type":"if","locations":[{"start":{"line":44,"column":2},"end":{"line":44,"column":76}},{"start":{},"end":{}}],"line":44},"3":{"loc":{"start":{"line":45,"column":2},"end":{"line":45,"column":80}},"type":"if","locations":[{"start":{"line":45,"column":2},"end":{"line":45,"column":80}},{"start":{},"end":{}}],"line":45},"4":{"loc":{"start":{"line":46,"column":2},"end":{"line":46,"column":55}},"type":"if","locations":[{"start":{"line":46,"column":2},"end":{"line":46,"column":55}},{"start":{},"end":{}}],"line":46},"5":{"loc":{"start":{"line":47,"column":2},"end":{"line":47,"column":65}},"type":"if","locations":[{"start":{"line":47,"column":2},"end":{"line":47,"column":65}},{"start":{},"end":{}}],"line":47},"6":{"loc":{"start":{"line":48,"column":2},"end":{"line":59,"column":5}},"type":"if","locations":[{"start":{"line":48,"column":2},"end":{"line":59,"column":5}},{"start":{},"end":{}}],"line":48},"7":{"loc":{"start":{"line":48,"column":6},"end":{"line":48,"column":68}},"type":"binary-expr","locations":[{"start":{"line":48,"column":6},"end":{"line":48,"column":23}},{"start":{"line":48,"column":27},"end":{"line":48,"column":44}},{"start":{"line":48,"column":48},"end":{"line":48,"column":68}}],"line":48},"8":{"loc":{"start":{"line":144,"column":2},"end":{"line":144,"column":25}},"type":"if","locations":[{"start":{"line":144,"column":2},"end":{"line":144,"column":25}},{"start":{},"end":{}}],"line":144},"9":{"loc":{"start":{"line":164,"column":2},"end":{"line":164,"column":25}},"type":"if","locations":[{"start":{"line":164,"column":2},"end":{"line":164,"column":25}},{"start":{},"end":{}}],"line":164},"10":{"loc":{"start":{"line":220,"column":2},"end":{"line":220,"column":25}},"type":"if","locations":[{"start":{"line":220,"column":2},"end":{"line":220,"column":25}},{"start":{},"end":{}}],"line":220}},"s":{"0":2,"1":2,"2":2,"3":2,"4":2,"5":2,"6":2,"7":2,"8":2,"9":2,"10":1,"11":1,"12":1,"13":0,"14":1,"15":0,"16":1,"17":0,"18":1,"19":0,"20":1,"21":0,"22":1,"23":0,"24":1,"25":1,"26":1,"27":0,"28":0,"29":0,"30":0,"31":0,"32":11,"33":11,"34":11,"35":11,"36":11,"37":2,"38":9,"39":9,"40":2,"41":2,"42":2,"43":2,"44":2,"45":2,"46":2,"47":1,"48":1,"49":1,"50":1,"51":1,"52":3,"53":3,"54":3,"55":3,"56":3,"57":3,"58":1,"59":2,"60":2,"61":2,"62":1,"63":0,"64":0,"65":0,"66":0,"67":0,"68":0,"69":2},"f":{"0":2,"1":0,"2":11,"3":2,"4":3,"5":0},"b":{"0":[1,1],"1":[0,1],"2":[0,1],"3":[0,1],"4":[0,1],"5":[0,1],"6":[0,1],"7":[1,0,0],"8":[2,9],"9":[1,1],"10":[1,2]},"_coverageSchema":"1a1c01bbd47fc00a2c39e90264f33305004495a9","hash":"93b2db8056680ac96335cac1f0384ad8d52c58fe"}
,"/Users/vittorioarpino/Desktop/Projects/Hike-Tracker/server/controllers/registered-hike-controller.js": {"path":"/Users/vittorioarpino/Desktop/Projects/Hike-Tracker/server/controllers/registered-hike-controller.js","statementMap":{"0":{"start":{"line":1,"column":24},"end":{"line":1,"column":52}},"1":{"start":{"line":2,"column":12},"end":{"line":2,"column":26}},"2":{"start":{"line":3,"column":26},"end":{"line":3,"column":64}},"3":{"start":{"line":4,"column":28},"end":{"line":4,"column":68}},"4":{"start":{"line":5,"column":16},"end":{"line":5,"column":43}},"5":{"start":{"line":6,"column":13},"end":{"line":6,"column":40}},"6":{"start":{"line":7,"column":46},"end":{"line":7,"column":81}},"7":{"start":{"line":8,"column":22},"end":{"line":8,"column":50}},"8":{"start":{"line":9,"column":33},"end":{"line":9,"column":59}},"9":{"start":{"line":12,"column":1},"end":{"line":24,"column":2}},"10":{"start":{"line":13,"column":17},"end":{"line":13,"column":27}},"11":{"start":{"line":15,"column":25},"end":{"line":15,"column":73}},"12":{"start":{"line":16,"column":15},"end":{"line":16,"column":44}},"13":{"start":{"line":17,"column":15},"end":{"line":17,"column":92}},"14":{"start":{"line":18,"column":19},"end":{"line":18,"column":55}},"15":{"start":{"line":19,"column":2},"end":{"line":19,"column":76}},"16":{"start":{"line":21,"column":2},"end":{"line":21,"column":62}},"17":{"start":{"line":23,"column":2},"end":{"line":23,"column":65}},"18":{"start":{"line":28,"column":1},"end":{"line":48,"column":2}},"19":{"start":{"line":29,"column":17},"end":{"line":29,"column":27}},"20":{"start":{"line":31,"column":17},"end":{"line":35,"column":4}},"21":{"start":{"line":37,"column":27},"end":{"line":37,"column":52}},"22":{"start":{"line":39,"column":2},"end":{"line":41,"column":3}},"23":{"start":{"line":40,"column":3},"end":{"line":40,"column":58}},"24":{"start":{"line":43,"column":32},"end":{"line":43,"column":73}},"25":{"start":{"line":45,"column":2},"end":{"line":45,"column":64}},"26":{"start":{"line":47,"column":2},"end":{"line":47,"column":65}},"27":{"start":{"line":52,"column":1},"end":{"line":59,"column":2}},"28":{"start":{"line":53,"column":17},"end":{"line":53,"column":27}},"29":{"start":{"line":55,"column":25},"end":{"line":55,"column":77}},"30":{"start":{"line":56,"column":2},"end":{"line":56,"column":62}},"31":{"start":{"line":58,"column":2},"end":{"line":58,"column":65}},"32":{"start":{"line":63,"column":1},"end":{"line":74,"column":2}},"33":{"start":{"line":65,"column":17},"end":{"line":65,"column":30}},"34":{"start":{"line":66,"column":20},"end":{"line":66,"column":28}},"35":{"start":{"line":68,"column":32},"end":{"line":68,"column":84}},"36":{"start":{"line":69,"column":2},"end":{"line":69,"column":63}},"37":{"start":{"line":72,"column":2},"end":{"line":72,"column":19}},"38":{"start":{"line":73,"column":2},"end":{"line":73,"column":64}},"39":{"start":{"line":78,"column":16},"end":{"line":78,"column":26}},"40":{"start":{"line":79,"column":1},"end":{"line":98,"column":2}},"41":{"start":{"line":80,"column":23},"end":{"line":80,"column":86}},"42":{"start":{"line":81,"column":2},"end":{"line":85,"column":3}},"43":{"start":{"line":81,"column":61},"end":{"line":81,"column":77}},"44":{"start":{"line":82,"column":3},"end":{"line":84,"column":53}},"45":{"start":{"line":86,"column":25},"end":{"line":86,"column":75}},"46":{"start":{"line":88,"column":2},"end":{"line":90,"column":4}},"47":{"start":{"line":92,"column":2},"end":{"line":92,"column":63}},"48":{"start":{"line":93,"column":2},"end":{"line":93,"column":73}},"49":{"start":{"line":95,"column":2},"end":{"line":95,"column":57}},"50":{"start":{"line":97,"column":2},"end":{"line":97,"column":65}},"51":{"start":{"line":102,"column":16},"end":{"line":102,"column":26}},"52":{"start":{"line":103,"column":1},"end":{"line":119,"column":2}},"53":{"start":{"line":104,"column":23},"end":{"line":104,"column":86}},"54":{"start":{"line":105,"column":2},"end":{"line":109,"column":3}},"55":{"start":{"line":105,"column":61},"end":{"line":105,"column":77}},"56":{"start":{"line":106,"column":3},"end":{"line":108,"column":53}},"57":{"start":{"line":110,"column":25},"end":{"line":110,"column":83}},"58":{"start":{"line":112,"column":2},"end":{"line":114,"column":4}},"59":{"start":{"line":116,"column":2},"end":{"line":116,"column":57}},"60":{"start":{"line":118,"column":2},"end":{"line":118,"column":65}},"61":{"start":{"line":123,"column":20},"end":{"line":123,"column":30}},"62":{"start":{"line":125,"column":1},"end":{"line":130,"column":2}},"63":{"start":{"line":126,"column":26},"end":{"line":126,"column":83}},"64":{"start":{"line":127,"column":2},"end":{"line":127,"column":58}},"65":{"start":{"line":129,"column":2},"end":{"line":129,"column":65}},"66":{"start":{"line":133,"column":14},"end":{"line":133,"column":15}},"67":{"start":{"line":134,"column":15},"end":{"line":134,"column":16}},"68":{"start":{"line":135,"column":1},"end":{"line":140,"column":2}},"69":{"start":{"line":135,"column":14},"end":{"line":135,"column":15}},"70":{"start":{"line":136,"column":2},"end":{"line":139,"column":3}},"71":{"start":{"line":137,"column":3},"end":{"line":137,"column":41}},"72":{"start":{"line":138,"column":3},"end":{"line":138,"column":53}},"73":{"start":{"line":141,"column":1},"end":{"line":141,"column":25}},"74":{"start":{"line":144,"column":16},"end":{"line":144,"column":26}},"75":{"start":{"line":146,"column":1},"end":{"line":166,"column":2}},"76":{"start":{"line":147,"column":35},"end":{"line":147,"column":97}},"77":{"start":{"line":149,"column":16},"end":{"line":161,"column":3}},"78":{"start":{"line":151,"column":68},"end":{"line":151,"column":90}},"79":{"start":{"line":152,"column":74},"end":{"line":152,"column":129}},"80":{"start":{"line":153,"column":72},"end":{"line":153,"column":103}},"81":{"start":{"line":154,"column":69},"end":{"line":154,"column":100}},"82":{"start":{"line":155,"column":67},"end":{"line":155,"column":111}},"83":{"start":{"line":156,"column":70},"end":{"line":156,"column":101}},"84":{"start":{"line":157,"column":68},"end":{"line":157,"column":112}},"85":{"start":{"line":158,"column":63},"end":{"line":158,"column":138}},"86":{"start":{"line":159,"column":68},"end":{"line":159,"column":152}},"87":{"start":{"line":160,"column":78},"end":{"line":160,"column":182}},"88":{"start":{"line":162,"column":2},"end":{"line":162,"column":48}},"89":{"start":{"line":164,"column":2},"end":{"line":164,"column":19}},"90":{"start":{"line":165,"column":2},"end":{"line":165,"column":65}},"91":{"start":{"line":168,"column":0},"end":{"line":177,"column":2}}},"fnMap":{"0":{"name":"startHike","decl":{"start":{"line":11,"column":15},"end":{"line":11,"column":24}},"loc":{"start":{"line":11,"column":35},"end":{"line":25,"column":1}},"line":11},"1":{"name":"updateRegisteredHike","decl":{"start":{"line":27,"column":15},"end":{"line":27,"column":35}},"loc":{"start":{"line":27,"column":46},"end":{"line":49,"column":1}},"line":27},"2":{"name":"planHike","decl":{"start":{"line":51,"column":15},"end":{"line":51,"column":23}},"loc":{"start":{"line":51,"column":34},"end":{"line":60,"column":1}},"line":51},"3":{"name":"addRecordPoint","decl":{"start":{"line":62,"column":15},"end":{"line":62,"column":29}},"loc":{"start":{"line":62,"column":40},"end":{"line":75,"column":1}},"line":62},"4":{"name":"endHike","decl":{"start":{"line":77,"column":15},"end":{"line":77,"column":22}},"loc":{"start":{"line":77,"column":33},"end":{"line":99,"column":1}},"line":77},"5":{"name":"(anonymous_5)","decl":{"start":{"line":81,"column":54},"end":{"line":81,"column":55}},"loc":{"start":{"line":81,"column":61},"end":{"line":81,"column":77}},"line":81},"6":{"name":"startPlannedHike","decl":{"start":{"line":101,"column":15},"end":{"line":101,"column":31}},"loc":{"start":{"line":101,"column":42},"end":{"line":120,"column":1}},"line":101},"7":{"name":"(anonymous_7)","decl":{"start":{"line":105,"column":54},"end":{"line":105,"column":55}},"loc":{"start":{"line":105,"column":61},"end":{"line":105,"column":77}},"line":105},"8":{"name":"getRegisteredHikes","decl":{"start":{"line":122,"column":15},"end":{"line":122,"column":33}},"loc":{"start":{"line":122,"column":44},"end":{"line":131,"column":1}},"line":122},"9":{"name":"ascendingSpeed","decl":{"start":{"line":132,"column":9},"end":{"line":132,"column":23}},"loc":{"start":{"line":132,"column":44},"end":{"line":142,"column":1}},"line":132},"10":{"name":"getStats","decl":{"start":{"line":143,"column":15},"end":{"line":143,"column":23}},"loc":{"start":{"line":143,"column":34},"end":{"line":167,"column":1}},"line":143},"11":{"name":"(anonymous_11)","decl":{"start":{"line":151,"column":53},"end":{"line":151,"column":54}},"loc":{"start":{"line":151,"column":68},"end":{"line":151,"column":90}},"line":151},"12":{"name":"(anonymous_12)","decl":{"start":{"line":152,"column":59},"end":{"line":152,"column":60}},"loc":{"start":{"line":152,"column":74},"end":{"line":152,"column":129}},"line":152},"13":{"name":"(anonymous_13)","decl":{"start":{"line":153,"column":57},"end":{"line":153,"column":58}},"loc":{"start":{"line":153,"column":72},"end":{"line":153,"column":103}},"line":153},"14":{"name":"(anonymous_14)","decl":{"start":{"line":154,"column":54},"end":{"line":154,"column":55}},"loc":{"start":{"line":154,"column":69},"end":{"line":154,"column":100}},"line":154},"15":{"name":"(anonymous_15)","decl":{"start":{"line":155,"column":52},"end":{"line":155,"column":53}},"loc":{"start":{"line":155,"column":67},"end":{"line":155,"column":111}},"line":155},"16":{"name":"(anonymous_16)","decl":{"start":{"line":156,"column":55},"end":{"line":156,"column":56}},"loc":{"start":{"line":156,"column":70},"end":{"line":156,"column":101}},"line":156},"17":{"name":"(anonymous_17)","decl":{"start":{"line":157,"column":53},"end":{"line":157,"column":54}},"loc":{"start":{"line":157,"column":68},"end":{"line":157,"column":112}},"line":157},"18":{"name":"(anonymous_18)","decl":{"start":{"line":158,"column":48},"end":{"line":158,"column":49}},"loc":{"start":{"line":158,"column":63},"end":{"line":158,"column":138}},"line":158},"19":{"name":"(anonymous_19)","decl":{"start":{"line":159,"column":53},"end":{"line":159,"column":54}},"loc":{"start":{"line":159,"column":68},"end":{"line":159,"column":152}},"line":159},"20":{"name":"(anonymous_20)","decl":{"start":{"line":160,"column":63},"end":{"line":160,"column":64}},"loc":{"start":{"line":160,"column":78},"end":{"line":160,"column":182}},"line":160}},"branchMap":{"0":{"loc":{"start":{"line":39,"column":2},"end":{"line":41,"column":3}},"type":"if","locations":[{"start":{"line":39,"column":2},"end":{"line":41,"column":3}},{"start":{},"end":{}}],"line":39},"1":{"loc":{"start":{"line":81,"column":2},"end":{"line":85,"column":3}},"type":"if","locations":[{"start":{"line":81,"column":2},"end":{"line":85,"column":3}},{"start":{},"end":{}}],"line":81},"2":{"loc":{"start":{"line":81,"column":6},"end":{"line":81,"column":78}},"type":"binary-expr","locations":[{"start":{"line":81,"column":6},"end":{"line":81,"column":31}},{"start":{"line":81,"column":35},"end":{"line":81,"column":78}}],"line":81},"3":{"loc":{"start":{"line":105,"column":2},"end":{"line":109,"column":3}},"type":"if","locations":[{"start":{"line":105,"column":2},"end":{"line":109,"column":3}},{"start":{},"end":{}}],"line":105},"4":{"loc":{"start":{"line":105,"column":6},"end":{"line":105,"column":78}},"type":"binary-expr","locations":[{"start":{"line":105,"column":6},"end":{"line":105,"column":31}},{"start":{"line":105,"column":35},"end":{"line":105,"column":78}}],"line":105},"5":{"loc":{"start":{"line":136,"column":2},"end":{"line":139,"column":3}},"type":"if","locations":[{"start":{"line":136,"column":2},"end":{"line":139,"column":3}},{"start":{},"end":{}}],"line":136}},"s":{"0":4,"1":4,"2":4,"3":4,"4":4,"5":4,"6":4,"7":4,"8":4,"9":50,"10":50,"11":50,"12":48,"13":48,"14":48,"15":48,"16":48,"17":2,"18":0,"19":0,"20":0,"21":0,"22":0,"23":0,"24":0,"25":0,"26":0,"27":0,"28":0,"29":0,"30":0,"31":0,"32":1,"33":1,"34":1,"35":1,"36":1,"37":0,"38":0,"39":44,"40":44,"41":44,"42":43,"43":822,"44":1,"45":42,"46":42,"47":42,"48":42,"49":42,"50":1,"51":0,"52":0,"53":0,"54":0,"55":0,"56":0,"57":0,"58":0,"59":0,"60":0,"61":2,"62":2,"63":2,"64":1,"65":1,"66":0,"67":0,"68":0,"69":0,"70":0,"71":0,"72":0,"73":0,"74":0,"75":0,"76":0,"77":0,"78":0,"79":0,"80":0,"81":0,"82":0,"83":0,"84":0,"85":0,"86":0,"87":0,"88":0,"89":0,"90":0,"91":4},"f":{"0":50,"1":0,"2":0,"3":1,"4":44,"5":822,"6":0,"7":0,"8":2,"9":0,"10":0,"11":0,"12":0,"13":0,"14":0,"15":0,"16":0,"17":0,"18":0,"19":0,"20":0},"b":{"0":[0,0],"1":[1,42],"2":[43,42],"3":[0,0],"4":[0,0],"5":[0,0]},"_coverageSchema":"1a1c01bbd47fc00a2c39e90264f33305004495a9","hash":"524d940f6516245e20b1320a151d2037ce4f8976"}
,"/Users/vittorioarpino/Desktop/Projects/Hike-Tracker/server/controllers/user-controller.js": {"path":"/Users/vittorioarpino/Desktop/Projects/Hike-Tracker/server/controllers/user-controller.js","statementMap":{"0":{"start":{"line":1,"column":12},"end":{"line":1,"column":26}},"1":{"start":{"line":2,"column":15},"end":{"line":2,"column":32}},"2":{"start":{"line":3,"column":24},"end":{"line":3,"column":52}},"3":{"start":{"line":4,"column":16},"end":{"line":4,"column":43}},"4":{"start":{"line":5,"column":21},"end":{"line":5,"column":47}},"5":{"start":{"line":6,"column":23},"end":{"line":6,"column":51}},"6":{"start":{"line":11,"column":4},"end":{"line":11,"column":31}},"7":{"start":{"line":13,"column":20},"end":{"line":13,"column":51}},"8":{"start":{"line":16,"column":1},"end":{"line":51,"column":2}},"9":{"start":{"line":17,"column":20},"end":{"line":17,"column":23}},"10":{"start":{"line":19,"column":17},"end":{"line":25,"column":4}},"11":{"start":{"line":27,"column":27},"end":{"line":27,"column":49}},"12":{"start":{"line":29,"column":2},"end":{"line":29,"column":25}},"13":{"start":{"line":29,"column":13},"end":{"line":29,"column":25}},"14":{"start":{"line":31,"column":40},"end":{"line":31,"column":45}},"15":{"start":{"line":33,"column":16},"end":{"line":33,"column":62}},"16":{"start":{"line":34,"column":2},"end":{"line":41,"column":3}},"17":{"start":{"line":35,"column":3},"end":{"line":40,"column":5}},"18":{"start":{"line":37,"column":51},"end":{"line":37,"column":52}},"19":{"start":{"line":38,"column":5},"end":{"line":38,"column":17}},"20":{"start":{"line":42,"column":2},"end":{"line":48,"column":5}},"21":{"start":{"line":45,"column":50},"end":{"line":45,"column":51}},"22":{"start":{"line":46,"column":4},"end":{"line":46,"column":16}},"23":{"start":{"line":50,"column":2},"end":{"line":50,"column":72}},"24":{"start":{"line":62,"column":1},"end":{"line":139,"column":2}},"25":{"start":{"line":64,"column":19},"end":{"line":64,"column":22}},"26":{"start":{"line":67,"column":17},"end":{"line":83,"column":4}},"27":{"start":{"line":86,"column":27},"end":{"line":86,"column":48}},"28":{"start":{"line":88,"column":2},"end":{"line":88,"column":25}},"29":{"start":{"line":88,"column":13},"end":{"line":88,"column":25}},"30":{"start":{"line":91,"column":2},"end":{"line":98,"column":3}},"31":{"start":{"line":93,"column":55},"end":{"line":93,"column":87}},"32":{"start":{"line":94,"column":13},"end":{"line":94,"column":25}},"33":{"start":{"line":97,"column":3},"end":{"line":97,"column":43}},"34":{"start":{"line":100,"column":15},"end":{"line":100,"column":53}},"35":{"start":{"line":102,"column":15},"end":{"line":102,"column":74}},"36":{"start":{"line":104,"column":23},"end":{"line":104,"column":35}},"37":{"start":{"line":106,"column":18},"end":{"line":106,"column":23}},"38":{"start":{"line":108,"column":22},"end":{"line":116,"column":4}},"39":{"start":{"line":118,"column":2},"end":{"line":124,"column":3}},"40":{"start":{"line":119,"column":3},"end":{"line":123,"column":6}},"41":{"start":{"line":120,"column":16},"end":{"line":120,"column":52}},"42":{"start":{"line":121,"column":4},"end":{"line":121,"column":60}},"43":{"start":{"line":122,"column":4},"end":{"line":122,"column":45}},"44":{"start":{"line":126,"column":2},"end":{"line":126,"column":57}},"45":{"start":{"line":127,"column":2},"end":{"line":129,"column":35}},"46":{"start":{"line":131,"column":2},"end":{"line":135,"column":3}},"47":{"start":{"line":132,"column":3},"end":{"line":134,"column":69}},"48":{"start":{"line":136,"column":2},"end":{"line":138,"column":64}},"49":{"start":{"line":138,"column":39},"end":{"line":138,"column":48}},"50":{"start":{"line":150,"column":1},"end":{"line":173,"column":2}},"51":{"start":{"line":151,"column":23},"end":{"line":151,"column":46}},"52":{"start":{"line":152,"column":16},"end":{"line":152,"column":70}},"53":{"start":{"line":153,"column":15},"end":{"line":153,"column":23}},"54":{"start":{"line":154,"column":2},"end":{"line":170,"column":3}},"55":{"start":{"line":155,"column":3},"end":{"line":155,"column":32}},"56":{"start":{"line":158,"column":3},"end":{"line":160,"column":4}},"57":{"start":{"line":159,"column":4},"end":{"line":159,"column":24}},"58":{"start":{"line":162,"column":3},"end":{"line":162,"column":44}},"59":{"start":{"line":163,"column":3},"end":{"line":165,"column":80}},"60":{"start":{"line":167,"column":3},"end":{"line":169,"column":84}},"61":{"start":{"line":172,"column":2},"end":{"line":172,"column":74}},"62":{"start":{"line":177,"column":1},"end":{"line":221,"column":2}},"63":{"start":{"line":178,"column":17},"end":{"line":178,"column":27}},"64":{"start":{"line":179,"column":19},"end":{"line":179,"column":22}},"65":{"start":{"line":181,"column":17},"end":{"line":190,"column":4}},"66":{"start":{"line":192,"column":27},"end":{"line":192,"column":48}},"67":{"start":{"line":194,"column":2},"end":{"line":194,"column":25}},"68":{"start":{"line":194,"column":13},"end":{"line":194,"column":25}},"69":{"start":{"line":196,"column":13},"end":{"line":196,"column":15}},"70":{"start":{"line":198,"column":2},"end":{"line":198,"column":53}},"71":{"start":{"line":198,"column":22},"end":{"line":198,"column":53}},"72":{"start":{"line":199,"column":2},"end":{"line":205,"column":3}},"73":{"start":{"line":200,"column":16},"end":{"line":200,"column":54}},"74":{"start":{"line":201,"column":16},"end":{"line":201,"column":75}},"75":{"start":{"line":203,"column":3},"end":{"line":203,"column":20}},"76":{"start":{"line":204,"column":3},"end":{"line":204,"column":20}},"77":{"start":{"line":206,"column":2},"end":{"line":206,"column":64}},"78":{"start":{"line":206,"column":35},"end":{"line":206,"column":64}},"79":{"start":{"line":208,"column":22},"end":{"line":208,"column":56}},"80":{"start":{"line":210,"column":2},"end":{"line":216,"column":3}},"81":{"start":{"line":211,"column":3},"end":{"line":215,"column":4}},"82":{"start":{"line":212,"column":4},"end":{"line":212,"column":74}},"83":{"start":{"line":214,"column":4},"end":{"line":214,"column":72}},"84":{"start":{"line":218,"column":2},"end":{"line":218,"column":42}},"85":{"start":{"line":220,"column":2},"end":{"line":220,"column":72}},"86":{"start":{"line":225,"column":16},"end":{"line":225,"column":28}},"87":{"start":{"line":226,"column":14},"end":{"line":226,"column":47}},"88":{"start":{"line":227,"column":1},"end":{"line":235,"column":2}},"89":{"start":{"line":228,"column":2},"end":{"line":232,"column":3}},"90":{"start":{"line":229,"column":3},"end":{"line":229,"column":60}},"91":{"start":{"line":231,"column":3},"end":{"line":231,"column":46}},"92":{"start":{"line":234,"column":2},"end":{"line":234,"column":79}},"93":{"start":{"line":239,"column":16},"end":{"line":239,"column":28}},"94":{"start":{"line":240,"column":14},"end":{"line":240,"column":47}},"95":{"start":{"line":241,"column":1},"end":{"line":248,"column":2}},"96":{"start":{"line":242,"column":22},"end":{"line":244,"column":4}},"97":{"start":{"line":245,"column":2},"end":{"line":245,"column":66}},"98":{"start":{"line":247,"column":2},"end":{"line":247,"column":79}},"99":{"start":{"line":252,"column":16},"end":{"line":252,"column":28}},"100":{"start":{"line":253,"column":14},"end":{"line":253,"column":47}},"101":{"start":{"line":254,"column":1},"end":{"line":262,"column":2}},"102":{"start":{"line":255,"column":2},"end":{"line":255,"column":24}},"103":{"start":{"line":256,"column":2},"end":{"line":258,"column":5}},"104":{"start":{"line":259,"column":2},"end":{"line":259,"column":59}},"105":{"start":{"line":261,"column":2},"end":{"line":261,"column":79}},"106":{"start":{"line":265,"column":0},"end":{"line":273,"column":2}}},"fnMap":{"0":{"name":"getUsers","decl":{"start":{"line":15,"column":15},"end":{"line":15,"column":23}},"loc":{"start":{"line":15,"column":34},"end":{"line":52,"column":1}},"line":15},"1":{"name":"(anonymous_1)","decl":{"start":{"line":36,"column":14},"end":{"line":36,"column":15}},"loc":{"start":{"line":36,"column":21},"end":{"line":39,"column":5}},"line":36},"2":{"name":"(anonymous_2)","decl":{"start":{"line":44,"column":24},"end":{"line":44,"column":25}},"loc":{"start":{"line":44,"column":31},"end":{"line":47,"column":4}},"line":44},"3":{"name":"createUser","decl":{"start":{"line":61,"column":15},"end":{"line":61,"column":25}},"loc":{"start":{"line":61,"column":36},"end":{"line":140,"column":1}},"line":61},"4":{"name":"(anonymous_4)","decl":{"start":{"line":93,"column":46},"end":{"line":93,"column":47}},"loc":{"start":{"line":93,"column":55},"end":{"line":93,"column":87}},"line":93},"5":{"name":"(anonymous_5)","decl":{"start":{"line":94,"column":4},"end":{"line":94,"column":5}},"loc":{"start":{"line":94,"column":13},"end":{"line":94,"column":25}},"line":94},"6":{"name":"(anonymous_6)","decl":{"start":{"line":119,"column":30},"end":{"line":119,"column":31}},"loc":{"start":{"line":119,"column":43},"end":{"line":123,"column":4}},"line":119},"7":{"name":"(anonymous_7)","decl":{"start":{"line":138,"column":32},"end":{"line":138,"column":33}},"loc":{"start":{"line":138,"column":39},"end":{"line":138,"column":48}},"line":138},"8":{"name":"verifyUser","decl":{"start":{"line":149,"column":15},"end":{"line":149,"column":25}},"loc":{"start":{"line":149,"column":36},"end":{"line":174,"column":1}},"line":149},"9":{"name":"updateUser","decl":{"start":{"line":176,"column":15},"end":{"line":176,"column":25}},"loc":{"start":{"line":176,"column":36},"end":{"line":222,"column":1}},"line":176},"10":{"name":"getPreferences","decl":{"start":{"line":224,"column":15},"end":{"line":224,"column":29}},"loc":{"start":{"line":224,"column":40},"end":{"line":236,"column":1}},"line":224},"11":{"name":"updatePreferences","decl":{"start":{"line":238,"column":15},"end":{"line":238,"column":32}},"loc":{"start":{"line":238,"column":43},"end":{"line":249,"column":1}},"line":238},"12":{"name":"deletePreferences","decl":{"start":{"line":251,"column":15},"end":{"line":251,"column":32}},"loc":{"start":{"line":251,"column":43},"end":{"line":263,"column":1}},"line":251}},"branchMap":{"0":{"loc":{"start":{"line":29,"column":2},"end":{"line":29,"column":25}},"type":"if","locations":[{"start":{"line":29,"column":2},"end":{"line":29,"column":25}},{"start":{},"end":{}}],"line":29},"1":{"loc":{"start":{"line":34,"column":2},"end":{"line":41,"column":3}},"type":"if","locations":[{"start":{"line":34,"column":2},"end":{"line":41,"column":3}},{"start":{},"end":{}}],"line":34},"2":{"loc":{"start":{"line":88,"column":2},"end":{"line":88,"column":25}},"type":"if","locations":[{"start":{"line":88,"column":2},"end":{"line":88,"column":25}},{"start":{},"end":{}}],"line":88},"3":{"loc":{"start":{"line":91,"column":2},"end":{"line":98,"column":3}},"type":"if","locations":[{"start":{"line":91,"column":2},"end":{"line":98,"column":3}},{"start":{},"end":{}}],"line":91},"4":{"loc":{"start":{"line":92,"column":3},"end":{"line":95,"column":4}},"type":"binary-expr","locations":[{"start":{"line":92,"column":3},"end":{"line":92,"column":41}},{"start":{"line":93,"column":3},"end":{"line":95,"column":4}}],"line":92},"5":{"loc":{"start":{"line":118,"column":2},"end":{"line":124,"column":3}},"type":"if","locations":[{"start":{"line":118,"column":2},"end":{"line":124,"column":3}},{"start":{},"end":{}}],"line":118},"6":{"loc":{"start":{"line":131,"column":2},"end":{"line":135,"column":3}},"type":"if","locations":[{"start":{"line":131,"column":2},"end":{"line":135,"column":3}},{"start":{},"end":{}}],"line":131},"7":{"loc":{"start":{"line":131,"column":6},"end":{"line":131,"column":59}},"type":"binary-expr","locations":[{"start":{"line":131,"column":6},"end":{"line":131,"column":37}},{"start":{"line":131,"column":41},"end":{"line":131,"column":59}}],"line":131},"8":{"loc":{"start":{"line":154,"column":2},"end":{"line":170,"column":3}},"type":"if","locations":[{"start":{"line":154,"column":2},"end":{"line":170,"column":3}},{"start":{"line":166,"column":9},"end":{"line":170,"column":3}}],"line":154},"9":{"loc":{"start":{"line":158,"column":3},"end":{"line":160,"column":4}},"type":"if","locations":[{"start":{"line":158,"column":3},"end":{"line":160,"column":4}},{"start":{},"end":{}}],"line":158},"10":{"loc":{"start":{"line":194,"column":2},"end":{"line":194,"column":25}},"type":"if","locations":[{"start":{"line":194,"column":2},"end":{"line":194,"column":25}},{"start":{},"end":{}}],"line":194},"11":{"loc":{"start":{"line":198,"column":2},"end":{"line":198,"column":53}},"type":"if","locations":[{"start":{"line":198,"column":2},"end":{"line":198,"column":53}},{"start":{},"end":{}}],"line":198},"12":{"loc":{"start":{"line":199,"column":2},"end":{"line":205,"column":3}},"type":"if","locations":[{"start":{"line":199,"column":2},"end":{"line":205,"column":3}},{"start":{},"end":{}}],"line":199},"13":{"loc":{"start":{"line":199,"column":6},"end":{"line":199,"column":45}},"type":"binary-expr","locations":[{"start":{"line":199,"column":6},"end":{"line":199,"column":20}},{"start":{"line":199,"column":24},"end":{"line":199,"column":45}}],"line":199},"14":{"loc":{"start":{"line":206,"column":2},"end":{"line":206,"column":64}},"type":"if","locations":[{"start":{"line":206,"column":2},"end":{"line":206,"column":64}},{"start":{},"end":{}}],"line":206},"15":{"loc":{"start":{"line":210,"column":2},"end":{"line":216,"column":3}},"type":"if","locations":[{"start":{"line":210,"column":2},"end":{"line":216,"column":3}},{"start":{},"end":{}}],"line":210},"16":{"loc":{"start":{"line":211,"column":3},"end":{"line":215,"column":4}},"type":"if","locations":[{"start":{"line":211,"column":3},"end":{"line":215,"column":4}},{"start":{"line":213,"column":10},"end":{"line":215,"column":4}}],"line":211},"17":{"loc":{"start":{"line":227,"column":1},"end":{"line":235,"column":2}},"type":"if","locations":[{"start":{"line":227,"column":1},"end":{"line":235,"column":2}},{"start":{"line":233,"column":8},"end":{"line":235,"column":2}}],"line":227},"18":{"loc":{"start":{"line":228,"column":2},"end":{"line":232,"column":3}},"type":"if","locations":[{"start":{"line":228,"column":2},"end":{"line":232,"column":3}},{"start":{"line":230,"column":9},"end":{"line":232,"column":3}}],"line":228},"19":{"loc":{"start":{"line":241,"column":1},"end":{"line":248,"column":2}},"type":"if","locations":[{"start":{"line":241,"column":1},"end":{"line":248,"column":2}},{"start":{"line":246,"column":8},"end":{"line":248,"column":2}}],"line":241},"20":{"loc":{"start":{"line":254,"column":1},"end":{"line":262,"column":2}},"type":"if","locations":[{"start":{"line":254,"column":1},"end":{"line":262,"column":2}},{"start":{"line":260,"column":8},"end":{"line":262,"column":2}}],"line":254}},"s":{"0":6,"1":6,"2":6,"3":6,"4":6,"5":6,"6":6,"7":6,"8":2,"9":2,"10":2,"11":2,"12":2,"13":0,"14":2,"15":2,"16":2,"17":1,"18":0,"19":0,"20":1,"21":0,"22":0,"23":0,"24":45,"25":45,"26":45,"27":45,"28":45,"29":1,"30":44,"31":0,"32":0,"33":0,"34":44,"35":44,"36":44,"37":44,"38":44,"39":42,"40":0,"41":0,"42":0,"43":0,"44":42,"45":42,"46":3,"47":2,"48":1,"49":1,"50":2,"51":2,"52":2,"53":2,"54":2,"55":1,"56":1,"57":1,"58":1,"59":1,"60":1,"61":0,"62":4,"63":4,"64":4,"65":4,"66":4,"67":4,"68":1,"69":3,"70":3,"71":1,"72":3,"73":1,"74":1,"75":1,"76":1,"77":3,"78":1,"79":3,"80":3,"81":1,"82":1,"83":0,"84":3,"85":1,"86":3,"87":3,"88":3,"89":2,"90":1,"91":1,"92":1,"93":4,"94":4,"95":4,"96":3,"97":3,"98":1,"99":2,"100":2,"101":2,"102":1,"103":1,"104":1,"105":1,"106":6},"f":{"0":2,"1":0,"2":0,"3":45,"4":0,"5":0,"6":0,"7":1,"8":2,"9":4,"10":3,"11":4,"12":2},"b":{"0":[0,2],"1":[1,1],"2":[1,44],"3":[0,44],"4":[44,0],"5":[0,42],"6":[2,1],"7":[3,2],"8":[1,1],"9":[1,0],"10":[1,3],"11":[1,2],"12":[1,2],"13":[3,1],"14":[1,2],"15":[1,2],"16":[1,0],"17":[2,1],"18":[1,1],"19":[3,1],"20":[1,1]},"_coverageSchema":"1a1c01bbd47fc00a2c39e90264f33305004495a9","hash":"33e930687a37e836697143f1e912227eff027280"}
,"/Users/vittorioarpino/Desktop/Projects/Hike-Tracker/server/controllers/weather-alert-controller.js": {"path":"/Users/vittorioarpino/Desktop/Projects/Hike-Tracker/server/controllers/weather-alert-controller.js","statementMap":{"0":{"start":{"line":1,"column":12},"end":{"line":1,"column":26}},"1":{"start":{"line":2,"column":17},"end":{"line":2,"column":51}},"2":{"start":{"line":3,"column":24},"end":{"line":3,"column":52}},"3":{"start":{"line":4,"column":24},"end":{"line":4,"column":60}},"4":{"start":{"line":5,"column":16},"end":{"line":5,"column":43}},"5":{"start":{"line":6,"column":39},"end":{"line":6,"column":79}},"6":{"start":{"line":7,"column":39},"end":{"line":7,"column":65}},"7":{"start":{"line":8,"column":19},"end":{"line":8,"column":33}},"8":{"start":{"line":11,"column":4},"end":{"line":47,"column":5}},"9":{"start":{"line":13,"column":25},"end":{"line":13,"column":28}},"10":{"start":{"line":17,"column":23},"end":{"line":22,"column":10}},"11":{"start":{"line":25,"column":33},"end":{"line":25,"column":54}},"12":{"start":{"line":27,"column":30},"end":{"line":27,"column":51}},"13":{"start":{"line":28,"column":29},"end":{"line":28,"column":44}},"14":{"start":{"line":29,"column":29},"end":{"line":29,"column":49}},"15":{"start":{"line":31,"column":8},"end":{"line":31,"column":31}},"16":{"start":{"line":31,"column":19},"end":{"line":31,"column":31}},"17":{"start":{"line":33,"column":31},"end":{"line":33,"column":111}},"18":{"start":{"line":35,"column":21},"end":{"line":35,"column":47}},"19":{"start":{"line":36,"column":8},"end":{"line":40,"column":11}},"20":{"start":{"line":37,"column":8},"end":{"line":39,"column":9}},"21":{"start":{"line":38,"column":12},"end":{"line":38,"column":129}},"22":{"start":{"line":43,"column":8},"end":{"line":43,"column":63}},"23":{"start":{"line":46,"column":8},"end":{"line":46,"column":96}},"24":{"start":{"line":50,"column":0},"end":{"line":53,"column":1}}},"fnMap":{"0":{"name":"updateWeatherAlert","decl":{"start":{"line":10,"column":15},"end":{"line":10,"column":33}},"loc":{"start":{"line":10,"column":44},"end":{"line":48,"column":1}},"line":10},"1":{"name":"(anonymous_1)","decl":{"start":{"line":36,"column":22},"end":{"line":36,"column":23}},"loc":{"start":{"line":36,"column":29},"end":{"line":40,"column":9}},"line":36}},"branchMap":{"0":{"loc":{"start":{"line":31,"column":8},"end":{"line":31,"column":31}},"type":"if","locations":[{"start":{"line":31,"column":8},"end":{"line":31,"column":31}},{"start":{},"end":{}}],"line":31},"1":{"loc":{"start":{"line":37,"column":8},"end":{"line":39,"column":9}},"type":"if","locations":[{"start":{"line":37,"column":8},"end":{"line":39,"column":9}},{"start":{},"end":{}}],"line":37}},"s":{"0":4,"1":4,"2":4,"3":4,"4":4,"5":4,"6":4,"7":4,"8":2,"9":2,"10":2,"11":2,"12":2,"13":2,"14":2,"15":2,"16":0,"17":2,"18":1,"19":1,"20":1,"21":0,"22":1,"23":1,"24":4},"f":{"0":2,"1":1},"b":{"0":[0,2],"1":[0,1]},"_coverageSchema":"1a1c01bbd47fc00a2c39e90264f33305004495a9","hash":"b39c414f2978d891ff7ed5399526dbafa8877098"}
,"/Users/vittorioarpino/Desktop/Projects/Hike-Tracker/server/data/hike-dal.js": {"path":"/Users/vittorioarpino/Desktop/Projects/Hike-Tracker/server/data/hike-dal.js","statementMap":{"0":{"start":{"line":1,"column":17},"end":{"line":1,"column":51}},"1":{"start":{"line":2,"column":13},"end":{"line":2,"column":44}},"2":{"start":{"line":3,"column":14},"end":{"line":3,"column":46}},"3":{"start":{"line":4,"column":17},"end":{"line":4,"column":52}},"4":{"start":{"line":5,"column":13},"end":{"line":5,"column":44}},"5":{"start":{"line":6,"column":21},"end":{"line":6,"column":61}},"6":{"start":{"line":66,"column":22},"end":{"line":152,"column":1}},"7":{"start":{"line":162,"column":26},"end":{"line":162,"column":70}},"8":{"start":{"line":164,"column":9},"end":{"line":164,"column":11}},"9":{"start":{"line":165,"column":1},"end":{"line":168,"column":2}},"10":{"start":{"line":166,"column":2},"end":{"line":166,"column":32}},"11":{"start":{"line":167,"column":2},"end":{"line":167,"column":33}},"12":{"start":{"line":169,"column":1},"end":{"line":175,"column":3}},"13":{"start":{"line":177,"column":1},"end":{"line":210,"column":2}},"14":{"start":{"line":178,"column":2},"end":{"line":209,"column":4}},"15":{"start":{"line":211,"column":15},"end":{"line":211,"column":38}},"16":{"start":{"line":212,"column":1},"end":{"line":212,"column":39}},"17":{"start":{"line":212,"column":23},"end":{"line":212,"column":39}},"18":{"start":{"line":213,"column":1},"end":{"line":213,"column":14}},"19":{"start":{"line":222,"column":1},"end":{"line":225,"column":2}},"20":{"start":{"line":223,"column":20},"end":{"line":223,"column":64}},"21":{"start":{"line":224,"column":2},"end":{"line":224,"column":33}},"22":{"start":{"line":227,"column":17},"end":{"line":233,"column":3}},"23":{"start":{"line":231,"column":44},"end":{"line":231,"column":56}},"24":{"start":{"line":234,"column":19},"end":{"line":234,"column":39}},"25":{"start":{"line":235,"column":1},"end":{"line":235,"column":18}},"26":{"start":{"line":244,"column":15},"end":{"line":251,"column":3}},"27":{"start":{"line":253,"column":1},"end":{"line":253,"column":17}},"28":{"start":{"line":263,"column":1},"end":{"line":268,"column":2}},"29":{"start":{"line":264,"column":2},"end":{"line":267,"column":4}},"30":{"start":{"line":266,"column":50},"end":{"line":266,"column":62}},"31":{"start":{"line":270,"column":1},"end":{"line":273,"column":2}},"32":{"start":{"line":271,"column":20},"end":{"line":271,"column":70}},"33":{"start":{"line":272,"column":2},"end":{"line":272,"column":39}},"34":{"start":{"line":275,"column":1},"end":{"line":275,"column":61}},"35":{"start":{"line":277,"column":1},"end":{"line":277,"column":30}},"36":{"start":{"line":280,"column":0},"end":{"line":285,"column":2}}},"fnMap":{"0":{"name":"getHikes","decl":{"start":{"line":161,"column":15},"end":{"line":161,"column":23}},"loc":{"start":{"line":161,"column":58},"end":{"line":214,"column":1}},"line":161},"1":{"name":"createHike","decl":{"start":{"line":221,"column":15},"end":{"line":221,"column":25}},"loc":{"start":{"line":221,"column":32},"end":{"line":236,"column":1}},"line":221},"2":{"name":"(anonymous_2)","decl":{"start":{"line":231,"column":37},"end":{"line":231,"column":38}},"loc":{"start":{"line":231,"column":44},"end":{"line":231,"column":56}},"line":231},"3":{"name":"getHikeById","decl":{"start":{"line":243,"column":15},"end":{"line":243,"column":26}},"loc":{"start":{"line":243,"column":31},"end":{"line":254,"column":1}},"line":243},"4":{"name":"updateHike","decl":{"start":{"line":262,"column":15},"end":{"line":262,"column":25}},"loc":{"start":{"line":262,"column":42},"end":{"line":278,"column":1}},"line":262},"5":{"name":"(anonymous_5)","decl":{"start":{"line":266,"column":43},"end":{"line":266,"column":44}},"loc":{"start":{"line":266,"column":50},"end":{"line":266,"column":62}},"line":266}},"branchMap":{"0":{"loc":{"start":{"line":161,"column":40},"end":{"line":161,"column":56}},"type":"default-arg","locations":[{"start":{"line":161,"column":54},"end":{"line":161,"column":56}}],"line":161},"1":{"loc":{"start":{"line":162,"column":26},"end":{"line":162,"column":70}},"type":"binary-expr","locations":[{"start":{"line":162,"column":26},"end":{"line":162,"column":44}},{"start":{"line":162,"column":48},"end":{"line":162,"column":70}}],"line":162},"2":{"loc":{"start":{"line":165,"column":1},"end":{"line":168,"column":2}},"type":"if","locations":[{"start":{"line":165,"column":1},"end":{"line":168,"column":2}},{"start":{},"end":{}}],"line":165},"3":{"loc":{"start":{"line":177,"column":1},"end":{"line":210,"column":2}},"type":"if","locations":[{"start":{"line":177,"column":1},"end":{"line":210,"column":2}},{"start":{},"end":{}}],"line":177},"4":{"loc":{"start":{"line":212,"column":1},"end":{"line":212,"column":39}},"type":"if","locations":[{"start":{"line":212,"column":1},"end":{"line":212,"column":39}},{"start":{},"end":{}}],"line":212},"5":{"loc":{"start":{"line":222,"column":1},"end":{"line":225,"column":2}},"type":"if","locations":[{"start":{"line":222,"column":1},"end":{"line":225,"column":2}},{"start":{},"end":{}}],"line":222},"6":{"loc":{"start":{"line":263,"column":1},"end":{"line":268,"column":2}},"type":"if","locations":[{"start":{"line":263,"column":1},"end":{"line":268,"column":2}},{"start":{},"end":{}}],"line":263},"7":{"loc":{"start":{"line":270,"column":1},"end":{"line":273,"column":2}},"type":"if","locations":[{"start":{"line":270,"column":1},"end":{"line":273,"column":2}},{"start":{},"end":{}}],"line":270}},"s":{"0":4,"1":4,"2":4,"3":4,"4":4,"5":4,"6":4,"7":1,"8":1,"9":1,"10":0,"11":0,"12":1,"13":1,"14":1,"15":1,"16":1,"17":1,"18":0,"19":18,"20":0,"21":0,"22":18,"23":2077,"24":18,"25":17,"26":56,"27":55,"28":5,"29":1,"30":3,"31":5,"32":0,"33":0,"34":5,"35":5,"36":4},"f":{"0":1,"1":18,"2":2077,"3":56,"4":5,"5":3},"b":{"0":[0],"1":[1,1],"2":[0,1],"3":[1,0],"4":[1,0],"5":[0,18],"6":[1,4],"7":[0,5]},"_coverageSchema":"1a1c01bbd47fc00a2c39e90264f33305004495a9","hash":"ce219c834db10123690563c760a22c7a309213f5"}
,"/Users/vittorioarpino/Desktop/Projects/Hike-Tracker/server/data/location-dal.js": {"path":"/Users/vittorioarpino/Desktop/Projects/Hike-Tracker/server/data/location-dal.js","statementMap":{"0":{"start":{"line":1,"column":25},"end":{"line":1,"column":51}},"1":{"start":{"line":2,"column":12},"end":{"line":2,"column":42}},"2":{"start":{"line":3,"column":14},"end":{"line":3,"column":46}},"3":{"start":{"line":4,"column":17},"end":{"line":4,"column":52}},"4":{"start":{"line":5,"column":19},"end":{"line":5,"column":57}},"5":{"start":{"line":22,"column":26},"end":{"line":22,"column":70}},"6":{"start":{"line":24,"column":9},"end":{"line":24,"column":11}},"7":{"start":{"line":25,"column":1},"end":{"line":28,"column":2}},"8":{"start":{"line":26,"column":2},"end":{"line":26,"column":26}},"9":{"start":{"line":27,"column":2},"end":{"line":27,"column":27}},"10":{"start":{"line":30,"column":1},"end":{"line":35,"column":3}},"11":{"start":{"line":37,"column":1},"end":{"line":86,"column":2}},"12":{"start":{"line":38,"column":2},"end":{"line":85,"column":4}},"13":{"start":{"line":88,"column":19},"end":{"line":88,"column":46}},"14":{"start":{"line":90,"column":1},"end":{"line":90,"column":43}},"15":{"start":{"line":90,"column":23},"end":{"line":90,"column":43}},"16":{"start":{"line":91,"column":1},"end":{"line":91,"column":18}},"17":{"start":{"line":100,"column":18},"end":{"line":100,"column":45}},"18":{"start":{"line":101,"column":1},"end":{"line":101,"column":17}},"19":{"start":{"line":110,"column":19},"end":{"line":110,"column":23}},"20":{"start":{"line":111,"column":1},"end":{"line":122,"column":2}},"21":{"start":{"line":112,"column":2},"end":{"line":112,"column":27}},"22":{"start":{"line":113,"column":2},"end":{"line":116,"column":3}},"23":{"start":{"line":114,"column":21},"end":{"line":114,"column":69}},"24":{"start":{"line":115,"column":3},"end":{"line":115,"column":38}},"25":{"start":{"line":117,"column":2},"end":{"line":117,"column":34}},"26":{"start":{"line":118,"column":8},"end":{"line":122,"column":2}},"27":{"start":{"line":119,"column":2},"end":{"line":119,"column":41}},"28":{"start":{"line":121,"column":2},"end":{"line":121,"column":39}},"29":{"start":{"line":123,"column":23},"end":{"line":123,"column":47}},"30":{"start":{"line":124,"column":1},"end":{"line":124,"column":22}},"31":{"start":{"line":134,"column":16},"end":{"line":134,"column":97}},"32":{"start":{"line":135,"column":1},"end":{"line":135,"column":15}},"33":{"start":{"line":146,"column":1},"end":{"line":154,"column":2}},"34":{"start":{"line":147,"column":2},"end":{"line":150,"column":3}},"35":{"start":{"line":148,"column":21},"end":{"line":148,"column":75}},"36":{"start":{"line":149,"column":3},"end":{"line":149,"column":44}},"37":{"start":{"line":151,"column":2},"end":{"line":153,"column":12}},"38":{"start":{"line":155,"column":1},"end":{"line":161,"column":2}},"39":{"start":{"line":156,"column":2},"end":{"line":160,"column":11}},"40":{"start":{"line":162,"column":1},"end":{"line":162,"column":34}},"41":{"start":{"line":166,"column":13},"end":{"line":166,"column":35}},"42":{"start":{"line":167,"column":1},"end":{"line":167,"column":44}},"43":{"start":{"line":167,"column":11},"end":{"line":167,"column":44}},"44":{"start":{"line":168,"column":20},"end":{"line":168,"column":55}},"45":{"start":{"line":169,"column":1},"end":{"line":169,"column":33}},"46":{"start":{"line":170,"column":1},"end":{"line":170,"column":18}},"47":{"start":{"line":171,"column":1},"end":{"line":171,"column":12}},"48":{"start":{"line":174,"column":0},"end":{"line":181,"column":2}}},"fnMap":{"0":{"name":"getLocations","decl":{"start":{"line":21,"column":15},"end":{"line":21,"column":27}},"loc":{"start":{"line":21,"column":62},"end":{"line":92,"column":1}},"line":21},"1":{"name":"getLocationById","decl":{"start":{"line":99,"column":15},"end":{"line":99,"column":30}},"loc":{"start":{"line":99,"column":35},"end":{"line":102,"column":1}},"line":99},"2":{"name":"createLocation","decl":{"start":{"line":109,"column":15},"end":{"line":109,"column":29}},"loc":{"start":{"line":109,"column":40},"end":{"line":125,"column":1}},"line":109},"3":{"name":"updateLocationDescription","decl":{"start":{"line":133,"column":15},"end":{"line":133,"column":40}},"loc":{"start":{"line":133,"column":58},"end":{"line":136,"column":1}},"line":133},"4":{"name":"updateLocation","decl":{"start":{"line":145,"column":15},"end":{"line":145,"column":29}},"loc":{"start":{"line":145,"column":50},"end":{"line":163,"column":1}},"line":145},"5":{"name":"uploadHutPicture","decl":{"start":{"line":165,"column":15},"end":{"line":165,"column":31}},"loc":{"start":{"line":165,"column":43},"end":{"line":172,"column":1}},"line":165}},"branchMap":{"0":{"loc":{"start":{"line":21,"column":44},"end":{"line":21,"column":60}},"type":"default-arg","locations":[{"start":{"line":21,"column":58},"end":{"line":21,"column":60}}],"line":21},"1":{"loc":{"start":{"line":22,"column":26},"end":{"line":22,"column":70}},"type":"binary-expr","locations":[{"start":{"line":22,"column":26},"end":{"line":22,"column":44}},{"start":{"line":22,"column":48},"end":{"line":22,"column":70}}],"line":22},"2":{"loc":{"start":{"line":25,"column":1},"end":{"line":28,"column":2}},"type":"if","locations":[{"start":{"line":25,"column":1},"end":{"line":28,"column":2}},{"start":{},"end":{}}],"line":25},"3":{"loc":{"start":{"line":37,"column":1},"end":{"line":86,"column":2}},"type":"if","locations":[{"start":{"line":37,"column":1},"end":{"line":86,"column":2}},{"start":{},"end":{}}],"line":37},"4":{"loc":{"start":{"line":90,"column":1},"end":{"line":90,"column":43}},"type":"if","locations":[{"start":{"line":90,"column":1},"end":{"line":90,"column":43}},{"start":{},"end":{}}],"line":90},"5":{"loc":{"start":{"line":111,"column":1},"end":{"line":122,"column":2}},"type":"if","locations":[{"start":{"line":111,"column":1},"end":{"line":122,"column":2}},{"start":{"line":118,"column":8},"end":{"line":122,"column":2}}],"line":111},"6":{"loc":{"start":{"line":113,"column":2},"end":{"line":116,"column":3}},"type":"if","locations":[{"start":{"line":113,"column":2},"end":{"line":116,"column":3}},{"start":{},"end":{}}],"line":113},"7":{"loc":{"start":{"line":118,"column":8},"end":{"line":122,"column":2}},"type":"if","locations":[{"start":{"line":118,"column":8},"end":{"line":122,"column":2}},{"start":{"line":120,"column":8},"end":{"line":122,"column":2}}],"line":118},"8":{"loc":{"start":{"line":146,"column":1},"end":{"line":154,"column":2}},"type":"if","locations":[{"start":{"line":146,"column":1},"end":{"line":154,"column":2}},{"start":{},"end":{}}],"line":146},"9":{"loc":{"start":{"line":147,"column":2},"end":{"line":150,"column":3}},"type":"if","locations":[{"start":{"line":147,"column":2},"end":{"line":150,"column":3}},{"start":{},"end":{}}],"line":147},"10":{"loc":{"start":{"line":155,"column":1},"end":{"line":161,"column":2}},"type":"if","locations":[{"start":{"line":155,"column":1},"end":{"line":161,"column":2}},{"start":{},"end":{}}],"line":155},"11":{"loc":{"start":{"line":167,"column":1},"end":{"line":167,"column":44}},"type":"if","locations":[{"start":{"line":167,"column":1},"end":{"line":167,"column":44}},{"start":{},"end":{}}],"line":167}},"s":{"0":6,"1":6,"2":6,"3":6,"4":6,"5":1,"6":1,"7":1,"8":0,"9":0,"10":1,"11":1,"12":0,"13":1,"14":1,"15":0,"16":1,"17":2,"18":2,"19":9,"20":9,"21":4,"22":4,"23":0,"24":0,"25":4,"26":5,"27":1,"28":4,"29":9,"30":9,"31":1,"32":1,"33":2,"34":2,"35":0,"36":0,"37":2,"38":2,"39":0,"40":2,"41":0,"42":0,"43":0,"44":0,"45":0,"46":0,"47":0,"48":6},"f":{"0":1,"1":2,"2":9,"3":1,"4":2,"5":0},"b":{"0":[0],"1":[1,0],"2":[0,1],"3":[0,1],"4":[0,1],"5":[4,5],"6":[0,4],"7":[1,4],"8":[2,0],"9":[0,2],"10":[0,2],"11":[0,0]},"_coverageSchema":"1a1c01bbd47fc00a2c39e90264f33305004495a9","hash":"f478854134d0d70ed37a7dd4d9b85ce222db5642"}
,"/Users/vittorioarpino/Desktop/Projects/Hike-Tracker/server/data/notification-user-dal.js": {"path":"/Users/vittorioarpino/Desktop/Projects/Hike-Tracker/server/data/notification-user-dal.js","statementMap":{"0":{"start":{"line":1,"column":25},"end":{"line":1,"column":69}},"1":{"start":{"line":2,"column":23},"end":{"line":2,"column":65}},"2":{"start":{"line":3,"column":13},"end":{"line":3,"column":44}},"3":{"start":{"line":4,"column":17},"end":{"line":4,"column":51}},"4":{"start":{"line":5,"column":14},"end":{"line":5,"column":42}},"5":{"start":{"line":8,"column":4},"end":{"line":8,"column":41}},"6":{"start":{"line":12,"column":4},"end":{"line":12,"column":71}},"7":{"start":{"line":17,"column":27},"end":{"line":17,"column":101}},"8":{"start":{"line":18,"column":29},"end":{"line":18,"column":91}},"9":{"start":{"line":19,"column":27},"end":{"line":19,"column":97}},"10":{"start":{"line":20,"column":17},"end":{"line":20,"column":66}},"11":{"start":{"line":21,"column":15},"end":{"line":21,"column":16}},"12":{"start":{"line":23,"column":4},"end":{"line":38,"column":5}},"13":{"start":{"line":24,"column":8},"end":{"line":24,"column":37}},"14":{"start":{"line":25,"column":8},"end":{"line":29,"column":11}},"15":{"start":{"line":31,"column":8},"end":{"line":37,"column":9}},"16":{"start":{"line":32,"column":12},"end":{"line":32,"column":41}},"17":{"start":{"line":33,"column":12},"end":{"line":33,"column":90}},"18":{"start":{"line":35,"column":12},"end":{"line":35,"column":108}},"19":{"start":{"line":35,"column":69},"end":{"line":35,"column":86}},"20":{"start":{"line":36,"column":12},"end":{"line":36,"column":90}},"21":{"start":{"line":40,"column":4},"end":{"line":40,"column":16}},"22":{"start":{"line":45,"column":29},"end":{"line":45,"column":91}},"23":{"start":{"line":46,"column":4},"end":{"line":46,"column":59}},"24":{"start":{"line":47,"column":4},"end":{"line":47,"column":28}},"25":{"start":{"line":48,"column":4},"end":{"line":48,"column":28}},"26":{"start":{"line":51,"column":0},"end":{"line":56,"column":2}}},"fnMap":{"0":{"name":"getNotificationUser","decl":{"start":{"line":7,"column":15},"end":{"line":7,"column":34}},"loc":{"start":{"line":7,"column":37},"end":{"line":9,"column":1}},"line":7},"1":{"name":"getNotificationUserByUserID","decl":{"start":{"line":11,"column":15},"end":{"line":11,"column":42}},"loc":{"start":{"line":11,"column":51},"end":{"line":13,"column":1}},"line":11},"2":{"name":"addRegisteredHike","decl":{"start":{"line":15,"column":15},"end":{"line":15,"column":32}},"loc":{"start":{"line":15,"column":59},"end":{"line":42,"column":1}},"line":15},"3":{"name":"(anonymous_3)","decl":{"start":{"line":35,"column":55},"end":{"line":35,"column":56}},"loc":{"start":{"line":35,"column":69},"end":{"line":35,"column":86}},"line":35},"4":{"name":"addCompletedHike","decl":{"start":{"line":44,"column":15},"end":{"line":44,"column":31}},"loc":{"start":{"line":44,"column":58},"end":{"line":49,"column":1}},"line":44}},"branchMap":{"0":{"loc":{"start":{"line":23,"column":4},"end":{"line":38,"column":5}},"type":"if","locations":[{"start":{"line":23,"column":4},"end":{"line":38,"column":5}},{"start":{"line":30,"column":11},"end":{"line":38,"column":5}}],"line":23},"1":{"loc":{"start":{"line":31,"column":8},"end":{"line":37,"column":9}},"type":"if","locations":[{"start":{"line":31,"column":8},"end":{"line":37,"column":9}},{"start":{"line":34,"column":15},"end":{"line":37,"column":9}}],"line":31}},"s":{"0":4,"1":4,"2":4,"3":4,"4":4,"5":42,"6":42,"7":48,"8":48,"9":48,"10":48,"11":48,"12":48,"13":9,"14":9,"15":39,"16":28,"17":28,"18":11,"19":385,"20":11,"21":48,"22":42,"23":42,"24":42,"25":42,"26":4},"f":{"0":42,"1":42,"2":48,"3":385,"4":42},"b":{"0":[9,39],"1":[28,11]},"_coverageSchema":"1a1c01bbd47fc00a2c39e90264f33305004495a9","hash":"8c3aa966ccf6ac774a71995796bb4f69eac06971"}
,"/Users/vittorioarpino/Desktop/Projects/Hike-Tracker/server/data/registered-hike-dal.js": {"path":"/Users/vittorioarpino/Desktop/Projects/Hike-Tracker/server/data/registered-hike-dal.js","statementMap":{"0":{"start":{"line":1,"column":17},"end":{"line":1,"column":51}},"1":{"start":{"line":2,"column":13},"end":{"line":2,"column":44}},"2":{"start":{"line":3,"column":23},"end":{"line":3,"column":65}},"3":{"start":{"line":4,"column":33},"end":{"line":4,"column":59}},"4":{"start":{"line":5,"column":14},"end":{"line":5,"column":35}},"5":{"start":{"line":14,"column":1},"end":{"line":16,"column":2}},"6":{"start":{"line":15,"column":2},"end":{"line":15,"column":64}},"7":{"start":{"line":18,"column":14},"end":{"line":18,"column":41}},"8":{"start":{"line":19,"column":1},"end":{"line":21,"column":2}},"9":{"start":{"line":20,"column":2},"end":{"line":20,"column":36}},"10":{"start":{"line":23,"column":24},"end":{"line":28,"column":3}},"11":{"start":{"line":29,"column":1},"end":{"line":29,"column":23}},"12":{"start":{"line":33,"column":1},"end":{"line":33,"column":60}},"13":{"start":{"line":45,"column":14},"end":{"line":45,"column":41}},"14":{"start":{"line":46,"column":1},"end":{"line":48,"column":2}},"15":{"start":{"line":47,"column":2},"end":{"line":47,"column":36}},"16":{"start":{"line":50,"column":24},"end":{"line":55,"column":3}},"17":{"start":{"line":56,"column":1},"end":{"line":56,"column":23}},"18":{"start":{"line":68,"column":24},"end":{"line":68,"column":61}},"19":{"start":{"line":69,"column":1},"end":{"line":71,"column":2}},"20":{"start":{"line":70,"column":2},"end":{"line":70,"column":36}},"21":{"start":{"line":72,"column":1},"end":{"line":72,"column":43}},"22":{"start":{"line":73,"column":1},"end":{"line":73,"column":65}},"23":{"start":{"line":75,"column":11},"end":{"line":75,"column":66}},"24":{"start":{"line":76,"column":1},"end":{"line":76,"column":65}},"25":{"start":{"line":77,"column":13},"end":{"line":77,"column":29}},"26":{"start":{"line":78,"column":1},"end":{"line":83,"column":2}},"27":{"start":{"line":79,"column":15},"end":{"line":79,"column":31}},"28":{"start":{"line":80,"column":2},"end":{"line":82,"column":3}},"29":{"start":{"line":81,"column":3},"end":{"line":81,"column":72}},"30":{"start":{"line":85,"column":1},"end":{"line":89,"column":19}},"31":{"start":{"line":99,"column":24},"end":{"line":99,"column":57}},"32":{"start":{"line":100,"column":1},"end":{"line":101,"column":14}},"33":{"start":{"line":101,"column":2},"end":{"line":101,"column":14}},"34":{"start":{"line":102,"column":1},"end":{"line":105,"column":2}},"35":{"start":{"line":103,"column":2},"end":{"line":103,"column":57}},"36":{"start":{"line":104,"column":2},"end":{"line":104,"column":38}},"37":{"start":{"line":106,"column":1},"end":{"line":106,"column":36}},"38":{"start":{"line":115,"column":1},"end":{"line":117,"column":2}},"39":{"start":{"line":116,"column":2},"end":{"line":116,"column":64}},"40":{"start":{"line":118,"column":24},"end":{"line":118,"column":57}},"41":{"start":{"line":119,"column":1},"end":{"line":120,"column":14}},"42":{"start":{"line":120,"column":2},"end":{"line":120,"column":14}},"43":{"start":{"line":121,"column":1},"end":{"line":123,"column":2}},"44":{"start":{"line":122,"column":2},"end":{"line":122,"column":54}},"45":{"start":{"line":124,"column":1},"end":{"line":124,"column":36}},"46":{"start":{"line":133,"column":24},"end":{"line":133,"column":57}},"47":{"start":{"line":134,"column":1},"end":{"line":135,"column":14}},"48":{"start":{"line":135,"column":2},"end":{"line":135,"column":14}},"49":{"start":{"line":136,"column":1},"end":{"line":139,"column":2}},"50":{"start":{"line":137,"column":2},"end":{"line":137,"column":57}},"51":{"start":{"line":138,"column":2},"end":{"line":138,"column":38}},"52":{"start":{"line":140,"column":1},"end":{"line":140,"column":36}},"53":{"start":{"line":149,"column":25},"end":{"line":152,"column":3}},"54":{"start":{"line":153,"column":1},"end":{"line":153,"column":28}},"55":{"start":{"line":163,"column":24},"end":{"line":163,"column":57}},"56":{"start":{"line":164,"column":1},"end":{"line":165,"column":14}},"57":{"start":{"line":165,"column":2},"end":{"line":165,"column":14}},"58":{"start":{"line":166,"column":1},"end":{"line":168,"column":2}},"59":{"start":{"line":167,"column":2},"end":{"line":167,"column":54}},"60":{"start":{"line":169,"column":1},"end":{"line":171,"column":2}},"61":{"start":{"line":170,"column":2},"end":{"line":170,"column":73}},"62":{"start":{"line":173,"column":1},"end":{"line":175,"column":2}},"63":{"start":{"line":173,"column":42},"end":{"line":173,"column":66}},"64":{"start":{"line":174,"column":2},"end":{"line":174,"column":56}},"65":{"start":{"line":176,"column":1},"end":{"line":176,"column":36}},"66":{"start":{"line":185,"column":25},"end":{"line":185,"column":99}},"67":{"start":{"line":186,"column":1},"end":{"line":186,"column":24}},"68":{"start":{"line":190,"column":25},"end":{"line":190,"column":139}},"69":{"start":{"line":191,"column":1},"end":{"line":191,"column":24}},"70":{"start":{"line":194,"column":0},"end":{"line":206,"column":2}}},"fnMap":{"0":{"name":"insert","decl":{"start":{"line":13,"column":15},"end":{"line":13,"column":21}},"loc":{"start":{"line":13,"column":38},"end":{"line":30,"column":1}},"line":13},"1":{"name":"update","decl":{"start":{"line":32,"column":15},"end":{"line":32,"column":21}},"loc":{"start":{"line":32,"column":35},"end":{"line":34,"column":1}},"line":32},"2":{"name":"insertPlan","decl":{"start":{"line":43,"column":15},"end":{"line":43,"column":25}},"loc":{"start":{"line":43,"column":42},"end":{"line":57,"column":1}},"line":43},"3":{"name":"registerPoint","decl":{"start":{"line":66,"column":15},"end":{"line":66,"column":28}},"loc":{"start":{"line":66,"column":44},"end":{"line":91,"column":1}},"line":66},"4":{"name":"completeRegisteredHike","decl":{"start":{"line":98,"column":15},"end":{"line":98,"column":37}},"loc":{"start":{"line":98,"column":42},"end":{"line":107,"column":1}},"line":98},"5":{"name":"startPlannedHike","decl":{"start":{"line":114,"column":15},"end":{"line":114,"column":31}},"loc":{"start":{"line":114,"column":44},"end":{"line":125,"column":1}},"line":114},"6":{"name":"cancelRegisteredHike","decl":{"start":{"line":132,"column":15},"end":{"line":132,"column":35}},"loc":{"start":{"line":132,"column":40},"end":{"line":141,"column":1}},"line":132},"7":{"name":"userHasActiveRecordedHikes","decl":{"start":{"line":148,"column":15},"end":{"line":148,"column":41}},"loc":{"start":{"line":148,"column":50},"end":{"line":154,"column":1}},"line":148},"8":{"name":"addBuddyToRegisteredHike","decl":{"start":{"line":162,"column":15},"end":{"line":162,"column":39}},"loc":{"start":{"line":162,"column":53},"end":{"line":177,"column":1}},"line":162},"9":{"name":"(anonymous_9)","decl":{"start":{"line":173,"column":37},"end":{"line":173,"column":38}},"loc":{"start":{"line":173,"column":42},"end":{"line":173,"column":66}},"line":173},"10":{"name":"getRegisteredHikeByUserId","decl":{"start":{"line":184,"column":15},"end":{"line":184,"column":40}},"loc":{"start":{"line":184,"column":49},"end":{"line":187,"column":1}},"line":184},"11":{"name":"getCompletedRegisteredHikeByUserId","decl":{"start":{"line":189,"column":15},"end":{"line":189,"column":49}},"loc":{"start":{"line":189,"column":58},"end":{"line":192,"column":1}},"line":189}},"branchMap":{"0":{"loc":{"start":{"line":14,"column":1},"end":{"line":16,"column":2}},"type":"if","locations":[{"start":{"line":14,"column":1},"end":{"line":16,"column":2}},{"start":{},"end":{}}],"line":14},"1":{"loc":{"start":{"line":19,"column":1},"end":{"line":21,"column":2}},"type":"if","locations":[{"start":{"line":19,"column":1},"end":{"line":21,"column":2}},{"start":{},"end":{}}],"line":19},"2":{"loc":{"start":{"line":46,"column":1},"end":{"line":48,"column":2}},"type":"if","locations":[{"start":{"line":46,"column":1},"end":{"line":48,"column":2}},{"start":{},"end":{}}],"line":46},"3":{"loc":{"start":{"line":69,"column":1},"end":{"line":71,"column":2}},"type":"if","locations":[{"start":{"line":69,"column":1},"end":{"line":71,"column":2}},{"start":{},"end":{}}],"line":69},"4":{"loc":{"start":{"line":78,"column":1},"end":{"line":83,"column":2}},"type":"if","locations":[{"start":{"line":78,"column":1},"end":{"line":83,"column":2}},{"start":{},"end":{}}],"line":78},"5":{"loc":{"start":{"line":80,"column":2},"end":{"line":82,"column":3}},"type":"if","locations":[{"start":{"line":80,"column":2},"end":{"line":82,"column":3}},{"start":{},"end":{}}],"line":80},"6":{"loc":{"start":{"line":80,"column":6},"end":{"line":80,"column":47}},"type":"binary-expr","locations":[{"start":{"line":80,"column":6},"end":{"line":80,"column":18}},{"start":{"line":80,"column":22},"end":{"line":80,"column":47}}],"line":80},"7":{"loc":{"start":{"line":100,"column":1},"end":{"line":101,"column":14}},"type":"if","locations":[{"start":{"line":100,"column":1},"end":{"line":101,"column":14}},{"start":{},"end":{}}],"line":100},"8":{"loc":{"start":{"line":102,"column":1},"end":{"line":105,"column":2}},"type":"if","locations":[{"start":{"line":102,"column":1},
[...]
,"/Users/vittorioarpino/Desktop/Projects/Hike-Tracker/server/helper/utility.js": {"path":"/Users/vittorioarpino/Desktop/Projects/Hike-Tracker/server/helper/utility.js","statementMap":{"0":{"start":{"line":6,"column":19},"end":{"line":13,"column":1}},"1":{"start":{"line":7,"column":16},"end":{"line":7,"column":17}},"2":{"start":{"line":8,"column":18},"end":{"line":8,"column":20}},"3":{"start":{"line":9,"column":4},"end":{"line":11,"column":5}},"4":{"start":{"line":9,"column":17},"end":{"line":9,"column":18}},"5":{"start":{"line":10,"column":8},"end":{"line":10,"column":67}},"6":{"start":{"line":12,"column":4},"end":{"line":12,"column":19}},"7":{"start":{"line":15,"column":19},"end":{"line":21,"column":12}},"8":{"start":{"line":16,"column":2},"end":{"line":21,"column":12}},"9":{"start":{"line":18,"column":18},"end":{"line":18,"column":65}},"10":{"start":{"line":23,"column":0},"end":{"line":23,"column":44}}},"fnMap":{"0":{"name":"(anonymous_0)","decl":{"start":{"line":6,"column":19},"end":{"line":6,"column":20}},"loc":{"start":{"line":6,"column":25},"end":{"line":13,"column":1}},"line":6},"1":{"name":"(anonymous_1)","decl":{"start":{"line":15,"column":19},"end":{"line":15,"column":20}},"loc":{"start":{"line":16,"column":2},"end":{"line":21,"column":12}},"line":16},"2":{"name":"(anonymous_2)","decl":{"start":{"line":18,"column":6},"end":{"line":18,"column":7}},"loc":{"start":{"line":18,"column":18},"end":{"line":18,"column":65}},"line":18}},"branchMap":{"0":{"loc":{"start":{"line":18,"column":25},"end":{"line":18,"column":40}},"type":"cond-expr","locations":[{"start":{"line":18,"column":35},"end":{"line":18,"column":36}},{"start":{"line":18,"column":39},"end":{"line":18,"column":40}}],"line":18},"1":{"loc":{"start":{"line":18,"column":45},"end":{"line":18,"column":64}},"type":"cond-expr","locations":[{"start":{"line":18,"column":57},"end":{"line":18,"column":60}},{"start":{"line":18,"column":63},"end":{"line":18,"column":64}}],"line":18}},"s":{"0":6,"1":44,"2":44,"3":44,"4":44,"5":352,"6":44,"7":6,"8":11,"9":385,"10":6},"f":{"0":44,"1":11,"2":385},"b":{"0":[0,385],"1":[385,0]},"_coverageSchema":"1a1c01bbd47fc00a2c39e90264f33305004495a9","hash":"33f6058c710b3e24d03e1145ceae6e67fa8b88de"}
,"/Users/vittorioarpino/Desktop/Projects/Hike-Tracker/server/models/enums.js": {"path":"/Users/vittorioarpino/Desktop/Projects/Hike-Tracker/server/models/enums.js","statementMap":{"0":{"start":{"line":2,"column":19},"end":{"line":6,"column":1}},"1":{"start":{"line":9,"column":21},"end":{"line":13,"column":1}},"2":{"start":{"line":16,"column":17},"end":{"line":22,"column":1}},"3":{"start":{"line":24,"column":22},"end":{"line":29,"column":1}},"4":{"start":{"line":31,"column":29},"end":{"line":36,"column":1}},"5":{"start":{"line":37,"column":25},"end":{"line":45,"column":1}},"6":{"start":{"line":47,"column":0},"end":{"line":54,"column":2}}},"fnMap":{},"branchMap":{},"s":{"0":6,"1":6,"2":6,"3":6,"4":6,"5":6,"6":6},"f":{},"b":{},"_coverageSchema":"1a1c01bbd47fc00a2c39e90264f33305004495a9","hash":"3b9ee0913bd6a928fae41b38f8d9cf02876ff876"}
,"/Users/vittorioarpino/Desktop/Projects/Hike-Tracker/server/models/hike-model.js": {"path":"/Users/vittorioarpino/Desktop/Projects/Hike-Tracker/server/models/hike-model.js","statementMap":{"0":{"start":{"line":1,"column":17},"end":{"line":1,"column":36}},"1":{"start":{"line":2,"column":19},"end":{"line":2,"column":27}},"2":{"start":{"line":3,"column":56},"end":{"line":3,"column":74}},"3":{"start":{"line":5,"column":20},"end":{"line":15,"column":2}},"4":{"start":{"line":18,"column":19},"end":{"line":42,"column":1}},"5":{"start":{"line":45,"column":13},"end":{"line":45,"column":47}},"6":{"start":{"line":47,"column":0},"end":{"line":47,"column":22}}},"fnMap":{},"branchMap":{},"s":{"0":4,"1":4,"2":4,"3":4,"4":4,"5":4,"6":4},"f":{},"b":{},"_coverageSchema":"1a1c01bbd47fc00a2c39e90264f33305004495a9","hash":"57734d79601118ddc795bae1584f9c29751a0afd"}
,"/Users/vittorioarpino/Desktop/Projects/Hike-Tracker/server/models/hut-model.js": {"path":"/Users/vittorioarpino/Desktop/Projects/Hike-Tracker/server/models/hut-model.js","statementMap":{"0":{"start":{"line":1,"column":17},"end":{"line":1,"column":36}},"1":{"start":{"line":2,"column":19},"end":{"line":2,"column":27}},"2":{"start":{"line":3,"column":25},"end":{"line":3,"column":43}},"3":{"start":{"line":4,"column":17},"end":{"line":4,"column":44}},"4":{"start":{"line":7,"column":12},"end":{"line":46,"column":1}},"5":{"start":{"line":48,"column":0},"end":{"line":48,"column":21}}},"fnMap":{},"branchMap":{},"s":{"0":6,"1":6,"2":6,"3":6,"4":6,"5":6},"f":{},"b":{},"_coverageSchema":"1a1c01bbd47fc00a2c39e90264f33305004495a9","hash":"e7dfc336fa55196c95063b701b363dded2b0bb52"}
,"/Users/vittorioarpino/Desktop/Projects/Hike-Tracker/server/models/image-model.js": {"path":"/Users/vittorioarpino/Desktop/Projects/Hike-Tracker/server/models/image-model.js","statementMap":{"0":{"start":{"line":1,"column":17},"end":{"line":1,"column":36}},"1":{"start":{"line":2,"column":19},"end":{"line":2,"column":27}},"2":{"start":{"line":5,"column":20},"end":{"line":10,"column":1}},"3":{"start":{"line":13,"column":14},"end":{"line":13,"column":50}},"4":{"start":{"line":15,"column":0},"end":{"line":15,"column":23}}},"fnMap":{},"branchMap":{},"s":{"0":6,"1":6,"2":6,"3":6,"4":6},"f":{},"b":{},"_coverageSchema":"1a1c01bbd47fc00a2c39e90264f33305004495a9","hash":"83e4ca7819eeac3a9f063347de1701ff0fc9a64f"}
,"/Users/vittorioarpino/Desktop/Projects/Hike-Tracker/server/models/location-model.js": {"path":"/Users/vittorioarpino/Desktop/Projects/Hike-Tracker/server/models/location-model.js","statementMap":{"0":{"start":{"line":1,"column":17},"end":{"line":1,"column":36}},"1":{"start":{"line":2,"column":19},"end":{"line":2,"column":27}},"2":{"start":{"line":3,"column":25},"end":{"line":3,"column":43}},"3":{"start":{"line":6,"column":23},"end":{"line":24,"column":2}},"4":{"start":{"line":27,"column":17},"end":{"line":27,"column":59}},"5":{"start":{"line":29,"column":0},"end":{"line":29,"column":26}}},"fnMap":{},"branchMap":{},"s":{"0":6,"1":6,"2":6,"3":6,"4":6,"5":6},"f":{},"b":{},"_coverageSchema":"1a1c01bbd47fc00a2c39e90264f33305004495a9","hash":"8fbc478ad52fa4126d12b3187a851a38a3068927"}
,"/Users/vittorioarpino/Desktop/Projects/Hike-Tracker/server/models/notification-user-model.js": {"path":"/Users/vittorioarpino/Desktop/Projects/Hike-Tracker/server/models/notification-user-model.js","statementMap":{"0":{"start":{"line":1,"column":17},"end":{"line":1,"column":36}},"1":{"start":{"line":2,"column":19},"end":{"line":2,"column":27}},"2":{"start":{"line":5,"column":31},"end":{"line":21,"column":2}},"3":{"start":{"line":24,"column":25},"end":{"line":24,"column":83}},"4":{"start":{"line":26,"column":0},"end":{"line":26,"column":34}}},"fnMap":{},"branchMap":{},"s":{"0":4,"1":4,"2":4,"3":4,"4":4},"f":{},"b":{},"_coverageSchema":"1a1c01bbd47fc00a2c39e90264f33305004495a9","hash":"b8a295a874565120aeebd5f80bcd846e2a96671a"}
,"/Users/vittorioarpino/Desktop/Projects/Hike-Tracker/server/models/parking-lot-model.js": {"path":"/Users/vittorioarpino/Desktop/Projects/Hike-Tracker/server/models/parking-lot-model.js","statementMap":{"0":{"start":{"line":1,"column":17},"end":{"line":1,"column":36}},"1":{"start":{"line":2,"column":19},"end":{"line":2,"column":27}},"2":{"start":{"line":3,"column":25},"end":{"line":3,"column":43}},"3":{"start":{"line":4,"column":17},"end":{"line":4,"column":44}},"4":{"start":{"line":7,"column":19},"end":{"line":25,"column":1}},"5":{"start":{"line":27,"column":0},"end":{"line":27,"column":28}}},"fnMap":{},"branchMap":{},"s":{"0":6,"1":6,"2":6,"3":6,"4":6,"5":6},"f":{},"b":{},"_coverageSchema":"1a1c01bbd47fc00a2c39e90264f33305004495a9","hash":"9c89874485c43c82e6e6da14acfe7a33ad660eac"}
,"/Users/vittorioarpino/Desktop/Projects/Hike-Tracker/server/models/registered-hike-model.js": {"path":"/Users/vittorioarpino/Desktop/Projects/Hike-Tracker/server/models/registered-hike-model.js","statementMap":{"0":{"start":{"line":1,"column":17},"end":{"line":1,"column":36}},"1":{"start":{"line":2,"column":19},"end":{"line":2,"column":27}},"2":{"start":{"line":3,"column":33},"end":{"line":3,"column":51}},"3":{"start":{"line":5,"column":29},"end":{"line":18,"column":1}},"4":{"start":{"line":21,"column":23},"end":{"line":21,"column":77}},"5":{"start":{"line":23,"column":0},"end":{"line":23,"column":32}}},"fnMap":{},"branchMap":{},"s":{"0":4,"1":4,"2":4,"3":4,"4":4,"5":4},"f":{},"b":{},"_coverageSchema":"1a1c01bbd47fc00a2c39e90264f33305004495a9","hash":"98c6a5564a4166e8d912b9a18cbb842edab8fe23"}
,"/Users/vittorioarpino/Desktop/Projects/Hike-Tracker/server/models/user-model.js": {"path":"/Users/vittorioarpino/Desktop/Projects/Hike-Tracker/server/models/user-model.js","statementMap":{"0":{"start":{"line":1,"column":17},"end":{"line":1,"column":36}},"1":{"start":{"line":2,"column":19},"end":{"line":2,"column":27}},"2":{"start":{"line":3,"column":21},"end":{"line":3,"column":39}},"3":{"start":{"line":6,"column":19},"end":{"line":18,"column":2}},"4":{"start":{"line":21,"column":13},"end":{"line":21,"column":47}},"5":{"start":{"line":23,"column":0},"end":{"line":23,"column":22}}},"fnMap":{},"branchMap":{},"s":{"0":6,"1":6,"2":6,"3":6,"4":6,"5":6},"f":{},"b":{},"_coverageSchema":"1a1c01bbd47fc00a2c39e90264f33305004495a9","hash":"fd4f0cd1f6a390f47ee234cf6611e8bdd654b6bc"}
,"/Users/vittorioarpino/Desktop/Projects/Hike-Tracker/server/models/weather-alert-model.js": {"path":"/Users/vittorioarpino/Desktop/Projects/Hike-Tracker/server/models/weather-alert-model.js","statementMap":{"0":{"start":{"line":1,"column":17},"end":{"line":1,"column":36}},"1":{"start":{"line":2,"column":19},"end":{"line":2,"column":27}},"2":{"start":{"line":3,"column":29},"end":{"line":3,"column":47}},"3":{"start":{"line":6,"column":22},"end":{"line":16,"column":1}},"4":{"start":{"line":19,"column":21},"end":{"line":19,"column":66}},"5":{"start":{"line":21,"column":0},"end":{"line":21,"column":30}}},"fnMap":{},"branchMap":{},"s":{"0":4,"1":4,"2":4,"3":4,"4":4,"5":4},"f":{},"b":{},"_coverageSchema":"1a1c01bbd47fc00a2c39e90264f33305004495a9","hash":"b68630ee72b50414b6f15a17c06c4bf65a9fe671"}
,"/Users/vittorioarpino/Desktop/Projects/Hike-Tracker/server/tests/sample-data.js": {"path":"/Users/vittorioarpino/Desktop/Projects/Hike-Tracker/server/tests/sample-data.js","statementMap":{"0":{"start":{"line":1,"column":27},"end":{"line":1,"column":45}},"1":{"start":{"line":2,"column":23},"end":{"line":2,"column":64}},"2":{"start":{"line":3,"column":23},"end":{"line":3,"column":64}},"3":{"start":{"line":4,"column":30},"end":{"line":4,"column":81}},"4":{"start":{"line":5,"column":33},"end":{"line":5,"column":85}},"5":{"start":{"line":6,"column":50},"end":{"line":6,"column":76}},"6":{"start":{"line":7,"column":15},"end":{"line":7,"column":32}},"7":{"start":{"line":9,"column":0},"end":{"line":9,"column":16}},"8":{"start":{"line":11,"column":25},"end":{"line":26,"column":1}},"9":{"start":{"line":12,"column":30},"end":{"line":12,"column":50}},"10":{"start":{"line":13,"column":1},"end":{"line":24,"column":3}},"11":{"start":{"line":25,"column":1},"end":{"line":25,"column":29}},"12":{"start":{"line":28,"column":20},"end":{"line":43,"column":1}},"13":{"start":{"line":29,"column":30},"end":{"line":29,"column":50}},"14":{"start":{"line":30,"column":1},"end":{"line":41,"column":3}},"15":{"start":{"line":42,"column":1},"end":{"line":42,"column":29}},"16":{"start":{"line":45,"column":19},"end":{"line":76,"column":1}},"17":{"start":{"line":46,"column":18},"end":{"line":46,"column":38}},"18":{"start":{"line":48,"column":1},"end":{"line":74,"column":3}},"19":{"start":{"line":75,"column":1},"end":{"line":75,"column":17}},"20":{"start":{"line":78,"column":24},"end":{"line":109,"column":1}},"21":{"start":{"line":79,"column":18},"end":{"line":79,"column":38}},"22":{"start":{"line":81,"column":1},"end":{"line":107,"column":3}},"23":{"start":{"line":108,"column":1},"end":{"line":108,"column":17}},"24":{"start":{"line":111,"column":18},"end":{"line":124,"column":1}},"25":{"start":{"line":112,"column":27},"end":{"line":112,"column":47}},"26":{"start":{"line":113,"column":1},"end":{"line":122,"column":3}},"27":{"start":{"line":123,"column":1},"end":{"line":123,"column":26}},"28":{"start":{"line":126,"column":16},"end":{"line":140,"column":1}},"29":{"start":{"line":128,"column":25},"end":{"line":128,"column":45}},"30":{"start":{"line":129,"column":1},"end":{"line":138,"column":3}},"31":{"start":{"line":139,"column":1},"end":{"line":139,"column":24}},"32":{"start":{"line":142,"column":27},"end":{"line":161,"column":1}},"33":{"start":{"line":143,"column":18},"end":{"line":143,"column":38}},"34":{"start":{"line":144,"column":1},"end":{"line":159,"column":3}},"35":{"start":{"line":160,"column":1},"end":{"line":160,"column":17}},"36":{"start":{"line":163,"column":0},"end":{"line":171,"column":2}}},"fnMap":{"0":{"name":"(anonymous_0)","decl":{"start":{"line":11,"column":25},"end":{"line":11,"column":26}},"loc":{"start":{"line":11,"column":37},"end":{"line":26,"column":1}},"line":11},"1":{"name":"(anonymous_1)","decl":{"start":{"line":28,"column":20},"end":{"line":28,"column":21}},"loc":{"start":{"line":28,"column":32},"end":{"line":43,"column":1}},"line":28},"2":{"name":"(anonymous_2)","decl":{"start":{"line":45,"column":19},"end":{"line":45,"column":20}},"loc":{"start":{"line":45,"column":51},"end":{"line":76,"column":1}},"line":45},"3":{"name":"(anonymous_3)","decl":{"start":{"line":78,"column":24},"end":{"line":78,"column":25}},"loc":{"start":{"line":78,"column":56},"end":{"line":109,"column":1}},"line":78},"4":{"name":"(anonymous_4)","decl":{"start":{"line":111,"column":18},"end":{"line":111,"column":19}},"loc":{"start":{"line":111,"column":72},"end":{"line":124,"column":1}},"line":111},"5":{"name":"(anonymous_5)","decl":{"start":{"line":126,"column":16},"end":{"line":126,"column":17}},"loc":{"start":{"line":126,"column":75},"end":{"line":140,"column":1}},"line":126},"6":{"name":"(anonymous_6)","decl":{"start":{"line":142,"column":27},"end":{"line":142,"column":28}},"loc":{"start":{"line":142,"column":56},"end":{"line":161,"column":1}},"line":142}},"branchMap":{},"s":{"0":4,"1":4,"2":4,"3":4,"4":4,"5":4,"6":4,"7":4,"8":4,"9":12,"10":12,"11":12,"12":4,"13":16,"14":16,"15":16,"16":4,"17":10,"18":10,"19":10,"20":4,"21":1,"22":1,"23":1,"24":4,"25":50,"26":50,"27":50,"28":4,"29":44,"30":44,"31":44,"32":4,"33":1,"34":1,"35":1,"36":4},"f":{"0":12,"1":16,"2":10,"3":1,"4":50,"5":44,"6":1},"b":{},"_coverageSchema":"1a1c01bbd47fc00a2c39e90264f33305004495a9","hash":"bdf5917a252991506ddb8a376e0695962004ab76"}
,"/Users/vittorioarpino/Desktop/Projects/Hike-Tracker/server/tests/setup.js": {"path":"/Users/vittorioarpino/Desktop/Projects/Hike-Tracker/server/tests/setup.js","statementMap":{"0":{"start":{"line":2,"column":17},"end":{"line":2,"column":36}},"1":{"start":{"line":3,"column":24},"end":{"line":3,"column":52}},"2":{"start":{"line":6,"column":24},"end":{"line":6,"column":68}},"3":{"start":{"line":7,"column":4},"end":{"line":10,"column":5}},"4":{"start":{"line":8,"column":27},"end":{"line":8,"column":74}},"5":{"start":{"line":9,"column":8},"end":{"line":9,"column":37}},"6":{"start":{"line":14,"column":24},"end":{"line":14,"column":68}},"7":{"start":{"line":15,"column":4},"end":{"line":23,"column":5}},"8":{"start":{"line":16,"column":27},"end":{"line":16,"column":74}},"9":{"start":{"line":17,"column":8},"end":{"line":22,"column":9}},"10":{"start":{"line":18,"column":12},"end":{"line":18,"column":35}},"11":{"start":{"line":20,"column":12},"end":{"line":21,"column":23}},"12":{"start":{"line":21,"column":16},"end":{"line":21,"column":23}},"13":{"start":{"line":27,"column":4},"end":{"line":27,"column":37}},"14":{"start":{"line":28,"column":4},"end":{"line":28,"column":27}},"15":{"start":{"line":29,"column":4},"end":{"line":32,"column":6}},"16":{"start":{"line":30,"column":8},"end":{"line":30,"column":31}},"17":{"start":{"line":31,"column":8},"end":{"line":31,"column":20}},"18":{"start":{"line":33,"column":4},"end":{"line":36,"column":6}},"19":{"start":{"line":34,"column":8},"end":{"line":34,"column":34}},"20":{"start":{"line":35,"column":8},"end":{"line":35,"column":20}},"21":{"start":{"line":37,"column":4},"end":{"line":39,"column":6}},"22":{"start":{"line":38,"column":8},"end":{"line":38,"column":20}},"23":{"start":{"line":42,"column":0},"end":{"line":62,"column":2}},"24":{"start":{"line":45,"column":8},"end":{"line":48,"column":10}},"25":{"start":{"line":46,"column":24},"end":{"line":46,"column":61}},"26":{"start":{"line":47,"column":12},"end":{"line":47,"column":66}},"27":{"start":{"line":51,"column":8},"end":{"line":53,"column":10}},"28":{"start":{"line":52,"column":12},"end":{"line":52,"column":40}},"29":{"start":{"line":56,"column":8},"end":{"line":59,"column":10}},"30":{"start":{"line":57,"column":12},"end":{"line":57,"column":38}},"31":{"start":{"line":58,"column":12},"end":{"line":58,"column":45}}},"fnMap":{"0":{"name":"removeAllCollections","decl":{"start":{"line":5,"column":15},"end":{"line":5,"column":35}},"loc":{"start":{"line":5,"column":39},"end":{"line":11,"column":1}},"line":5},"1":{"name":"dropAllCollections","decl":{"start":{"line":13,"column":15},"end":{"line":13,"column":33}},"loc":{"start":{"line":13,"column":37},"end":{"line":24,"column":1}},"line":13},"2":{"name":"ResponseHelper","decl":{"start":{"line":26,"column":9},"end":{"line":26,"column":23}},"loc":{"start":{"line":26,"column":26},"end":{"line":40,"column":1}},"line":26},"3":{"name":"(anonymous_3)","decl":{"start":{"line":29,"column":18},"end":{"line":29,"column":19}},"loc":{"start":{"line":29,"column":28},"end":{"line":32,"column":5}},"line":29},"4":{"name":"(anonymous_4)","decl":{"start":{"line":33,"column":16},"end":{"line":33,"column":17}},"loc":{"start":{"line":33,"column":27},"end":{"line":36,"column":5}},"line":33},"5":{"name":"(anonymous_5)","decl":{"start":{"line":37,"column":15},"end":{"line":37,"column":16}},"loc":{"start":{"line":37,"column":21},"end":{"line":39,"column":5}},"line":37},"6":{"name":"(anonymous_6)","decl":{"start":{"line":43,"column":4},"end":{"line":43,"column":5}},"loc":{"start":{"line":43,"column":27},"end":{"line":60,"column":5}},"line":43},"7":{"name":"(anonymous_7)","decl":{"start":{"line":45,"column":18},"end":{"line":45,"column":19}},"loc":{"start":{"line":45,"column":30},"end":{"line":48,"column":9}},"line":45},"8":{"name":"(anonymous_8)","decl":{"start":{"line":51,"column":18},"end":{"line":51,"column":19}},"loc":{"start":{"line":51,"column":30},"end":{"line":53,"column":9}},"line":51},"9":{"name":"(anonymous_9)","decl":{"start":{"line":56,"column":17},"end":{"line":56,"column":18}},"loc":{"start":{"line":56,"column":29},"end":{"line":59,"column":9}},"line":56}},"branchMap":{"0":{"loc":{"start":{"line":20,"column":12},"end":{"line":21,"column":23}},"type":"if","locations":[{"start":{"line":20,"column":12},"end":{"line":21,"column":23}},{"start":{},"end":{}}],"line":20}},"s":{"0":6,"1":6,"2":57,"3":57,"4":279,"5":279,"6":6,"7":6,"8":34,"9":34,"10":34,"11":0,"12":0,"13":201,"14":201,"15":201,"16":208,"17":208,"18":201,"19":208,"20":208,"21":201,"22":3,"23":6,"24":6,"25":6,"26":6,"27":6,"28":57,"29":6,"30":6,"31":6},"f":{"0":57,"1":6,"2":201,"3":208,"4":208,"5":3,"6":6,"7":6,"8":57,"9":6},"b":{"0":[0,0]},"_coverageSchema":"1a1c01bbd47fc00a2c39e90264f33305004495a9","hash":"d41b9a1fca7d30f2829094ec49af64428b154fcc"}
}
