TN:
SF:controllers/hike-controller.js
FN:14,getHikes
FN:90,getHikeById
FN:113,createHike
FN:160,updateHike
FNF:4
FNH:1
FNDA:0,getHikes
FNDA:0,getHikeById
FNDA:5,createHike
FNDA:0,updateHike
DA:1,2
DA:2,2
DA:3,2
DA:4,2
DA:5,2
DA:15,0
DA:16,0
DA:18,0
DA:47,0
DA:49,0
DA:51,0
DA:53,0
DA:54,0
DA:55,0
DA:56,0
DA:57,0
DA:58,0
DA:59,0
DA:60,0
DA:61,0
DA:62,0
DA:63,0
DA:64,0
DA:76,0
DA:77,0
DA:79,0
DA:91,0
DA:92,0
DA:94,0
DA:96,0
DA:97,0
DA:100,0
DA:102,0
DA:114,5
DA:116,5
DA:119,5
DA:138,5
DA:140,5
DA:144,5
DA:146,5
DA:147,5
DA:149,0
DA:161,0
DA:163,0
DA:166,0
DA:183,0
DA:185,0
DA:187,0
DA:189,0
DA:191,0
DA:192,0
DA:196,2
LF:52
LH:14
BRDA:49,0,0,0
BRDA:49,0,1,0
BRDA:53,1,0,0
BRDA:53,1,1,0
BRDA:54,2,0,0
BRDA:54,2,1,0
BRDA:55,3,0,0
BRDA:55,3,1,0
BRDA:56,4,0,0
BRDA:56,4,1,0
BRDA:57,5,0,0
BRDA:57,5,1,0
BRDA:59,6,0,0
BRDA:59,6,1,0
BRDA:61,7,0,0
BRDA:61,7,1,0
BRDA:62,8,0,0
BRDA:62,8,1,0
BRDA:63,9,0,0
BRDA:63,9,1,0
BRDA:63,10,0,0
BRDA:63,10,1,0
BRDA:63,10,2,0
BRDA:96,11,0,0
BRDA:96,11,1,0
BRDA:140,12,0,0
BRDA:140,12,1,5
BRDA:185,13,0,0
BRDA:185,13,1,0
BRF:29
BRH:1
end_of_record
TN:
SF:controllers/location-controller.js
FN:14,getLocations
FN:69,getLocationById
FN:88,createLocation
FN:150,updateLocationDescription
FN:169,updateLocation
FNF:5
FNH:0
FNDA:0,getLocations
FNDA:0,getLocationById
FNDA:0,createLocation
FNDA:0,updateLocationDescription
FNDA:0,updateLocation
DA:1,2
DA:2,2
DA:3,2
DA:4,2
DA:5,2
DA:15,0
DA:16,0
DA:17,0
DA:36,0
DA:37,0
DA:39,0
DA:41,0
DA:42,0
DA:43,0
DA:44,0
DA:45,0
DA:55,0
DA:56,0
DA:58,0
DA:59,0
DA:70,0
DA:71,0
DA:73,0
DA:75,0
DA:77,0
DA:89,0
DA:91,0
DA:94,0
DA:137,0
DA:139,0
DA:142,0
DA:143,0
DA:145,0
DA:146,0
DA:151,0
DA:152,0
DA:153,0
DA:154,0
DA:158,0
DA:160,0
DA:161,0
DA:162,0
DA:163,0
DA:165,0
DA:170,0
DA:171,0
DA:172,0
DA:174,0
DA:210,0
DA:212,0
DA:214,0
DA:215,0
DA:216,0
DA:218,0
DA:219,0
DA:223,2
LF:56
LH:6
BRDA:37,0,0,0
BRDA:37,0,1,0
BRDA:41,1,0,0
BRDA:41,1,1,0
BRDA:42,2,0,0
BRDA:42,2,1,0
BRDA:43,3,0,0
BRDA:43,3,1,0
BRDA:44,4,0,0
BRDA:44,4,1,0
BRDA:44,5,0,0
BRDA:44,5,1,0
BRDA:44,5,2,0
BRDA:139,6,0,0
BRDA:139,6,1,0
BRDA:160,7,0,0
BRDA:160,7,1,0
BRDA:212,8,0,0
BRDA:212,8,1,0
BRF:19
BRH:0
end_of_record
TN:
SF:controllers/registered-hike-controller.js
FN:6,startHike
FN:17,endHike
FN:22,(anonymous_2)
FN:23,(anonymous_3)
FN:40,getRegisteredHikes
FNF:5
FNH:4
FNDA:5,startHike
FNDA:1,endHike
FNDA:1,(anonymous_2)
FNDA:1,(anonymous_3)
FNDA:0,getRegisteredHikes
DA:1,1
DA:2,1
DA:3,1
DA:4,1
DA:7,5
DA:8,5
DA:10,5
DA:11,3
DA:13,2
DA:18,1
DA:19,1
DA:20,1
DA:21,1
DA:22,1
DA:23,1
DA:24,1
DA:28,0
DA:30,0
DA:34,0
DA:36,0
DA:41,0
DA:43,0
DA:44,0
DA:45,0
DA:47,0
DA:51,1
LF:26
LH:17
BRDA:23,0,0,1
BRDA:23,0,1,0
BRF:2
BRH:1
end_of_record
TN:
SF:controllers/user-controller.js
FN:15,getUsers
FN:36,(anonymous_1)
FN:44,(anonymous_2)
FN:61,createUser
FN:93,(anonymous_4)
FN:94,(anonymous_5)
FN:119,(anonymous_6)
FN:138,(anonymous_7)
FN:149,verifyUser
FN:177,updateUser
FN:225,getPreferences
FN:239,updatePreferences
FN:252,deletePreferences
FNF:13
FNH:1
FNDA:0,getUsers
FNDA:0,(anonymous_1)
FNDA:0,(anonymous_2)
FNDA:8,createUser
FNDA:0,(anonymous_4)
FNDA:0,(anonymous_5)
FNDA:0,(anonymous_6)
FNDA:0,(anonymous_7)
FNDA:0,verifyUser
FNDA:0,updateUser
FNDA:0,getPreferences
FNDA:0,updatePreferences
FNDA:0,deletePreferences
DA:1,4
DA:2,4
DA:3,4
DA:4,4
DA:5,4
DA:6,4
DA:11,4
DA:13,4
DA:16,0
DA:17,0
DA:19,0
DA:27,0
DA:29,0
DA:31,0
DA:33,0
DA:34,0
DA:35,0
DA:37,0
DA:38,0
DA:42,0
DA:45,0
DA:46,0
DA:50,0
DA:62,8
DA:64,8
DA:67,8
DA:86,8
DA:88,8
DA:91,8
DA:93,0
DA:94,0
DA:97,0
DA:100,8
DA:102,8
DA:104,8
DA:106,8
DA:108,8
DA:118,8
DA:119,0
DA:120,0
DA:121,0
DA:122,0
DA:126,8
DA:127,8
DA:131,0
DA:132,0
DA:136,0
DA:138,0
DA:150,0
DA:151,0
DA:152,0
DA:153,0
DA:154,0
DA:155,0
DA:158,0
DA:159,0
DA:162,0
DA:163,0
DA:167,0
DA:172,0
DA:173,0
DA:178,0
DA:179,0
DA:180,0
DA:182,0
DA:193,0
DA:195,0
DA:197,0
DA:199,0
DA:200,0
DA:201,0
DA:202,0
DA:204,0
DA:205,0
DA:207,0
DA:209,0
DA:211,0
DA:212,0
DA:213,0
DA:215,0
DA:219,0
DA:221,0
DA:226,0
DA:227,0
DA:228,0
DA:229,0
DA:230,0
DA:232,0
DA:235,0
DA:240,0
DA:241,0
DA:242,0
DA:243,0
DA:246,0
DA:248,0
DA:253,0
DA:254,0
DA:255,0
DA:256,0
DA:257,0
DA:260,0
DA:262,0
DA:266,4
LF:103
LH:23
BRDA:29,0,0,0
BRDA:29,0,1,0
BRDA:34,1,0,0
BRDA:34,1,1,0
BRDA:88,2,0,0
BRDA:88,2,1,8
BRDA:91,3,0,0
BRDA:91,3,1,8
BRDA:92,4,0,8
BRDA:92,4,1,0
BRDA:118,5,0,0
BRDA:118,5,1,8
BRDA:131,6,0,0
BRDA:131,6,1,0
BRDA:131,7,0,0
BRDA:131,7,1,0
BRDA:154,8,0,0
BRDA:154,8,1,0
BRDA:158,9,0,0
BRDA:158,9,1,0
BRDA:195,10,0,0
BRDA:195,10,1,0
BRDA:199,11,0,0
BRDA:199,11,1,0
BRDA:200,12,0,0
BRDA:200,12,1,0
BRDA:200,13,0,0
BRDA:200,13,1,0
BRDA:207,14,0,0
BRDA:207,14,1,0
BRDA:211,15,0,0
BRDA:211,15,1,0
BRDA:212,16,0,0
BRDA:212,16,1,0
BRDA:228,17,0,0
BRDA:228,17,1,0
BRDA:229,18,0,0
BRDA:229,18,1,0
BRDA:242,19,0,0
BRDA:242,19,1,0
BRDA:255,20,0,0
BRDA:255,20,1,0
BRF:42
BRH:4
end_of_record
TN:
SF:data/hike-dal.js
FN:153,getHikes
FN:213,createHike
FN:223,(anonymous_2)
FN:235,getHikeById
FN:254,updateHike
FN:258,(anonymous_5)
FNF:6
FNH:2
FNDA:0,getHikes
FNDA:5,createHike
FNDA:15,(anonymous_2)
FNDA:0,getHikeById
FNDA:0,updateHike
FNDA:0,(anonymous_5)
DA:1,2
DA:2,2
DA:3,2
DA:4,2
DA:5,2
DA:65,2
DA:154,0
DA:156,0
DA:157,0
DA:158,0
DA:159,0
DA:161,0
DA:169,0
DA:170,0
DA:203,0
DA:204,0
DA:205,0
DA:214,5
DA:215,0
DA:216,0
DA:219,5
DA:223,15
DA:226,5
DA:227,5
DA:236,0
DA:245,0
DA:255,0
DA:256,0
DA:258,0
DA:262,0
DA:263,0
DA:264,0
DA:267,0
DA:269,0
DA:272,2
LF:35
LH:12
BRDA:153,0,0,0
BRDA:154,1,0,0
BRDA:154,1,1,0
BRDA:157,2,0,0
BRDA:157,2,1,0
BRDA:169,3,0,0
BRDA:169,3,1,0
BRDA:204,4,0,0
BRDA:204,4,1,0
BRDA:214,5,0,0
BRDA:214,5,1,5
BRDA:255,6,0,0
BRDA:255,6,1,0
BRDA:262,7,0,0
BRDA:262,7,1,0
BRF:15
BRH:1
end_of_record
TN:
SF:data/location-dal.js
FN:21,getLocations
FN:84,getLocationById
FN:94,createLocation
FN:118,updateLocationDescription
FN:130,updateLocation
FNF:5
FNH:0
FNDA:0,getLocations
FNDA:0,getLocationById
FNDA:0,createLocation
FNDA:0,updateLocationDescription
FNDA:0,updateLocation
DA:1,4
DA:2,4
DA:3,4
DA:4,4
DA:5,4
DA:22,0
DA:24,0
DA:30,0
DA:31,0
DA:73,0
DA:75,0
DA:76,0
DA:85,0
DA:86,0
DA:95,0
DA:96,0
DA:97,0
DA:98,0
DA:99,0
DA:100,0
DA:102,0
DA:103,0
DA:104,0
DA:106,0
DA:108,0
DA:109,0
DA:119,0
DA:120,0
DA:131,0
DA:132,0
DA:136,0
DA:137,0
DA:143,0
DA:146,4
LF:34
LH:6
BRDA:21,0,0,0
BRDA:22,1,0,0
BRDA:22,1,1,0
BRDA:30,2,0,0
BRDA:30,2,1,0
BRDA:75,3,0,0
BRDA:75,3,1,0
BRDA:96,4,0,0
BRDA:96,4,1,0
BRDA:98,5,0,0
BRDA:98,5,1,0
BRDA:103,6,0,0
BRDA:103,6,1,0
BRDA:131,7,0,0
BRDA:131,7,1,0
BRDA:136,8,0,0
BRDA:136,8,1,0
BRF:17
BRH:0
end_of_record
TN:
SF:data/registered-hike-dal.js
FN:12,insert
FN:36,completeRegisteredHike
FN:52,cancelRegisteredHike
FN:68,userHasActiveRecordedHikes
FN:82,addBuddyToRegisteredHike
FN:93,(anonymous_5)
FN:104,getRegisteredHikeByUserId
FNF:7
FNH:3
FNDA:5,insert
FNDA:0,completeRegisteredHike
FNDA:0,cancelRegisteredHike
FNDA:5,userHasActiveRecordedHikes
FNDA:0,addBuddyToRegisteredHike
FNDA:0,(anonymous_5)
FNDA:1,getRegisteredHikeByUserId
DA:1,1
DA:2,1
DA:3,1
DA:4,1
DA:13,5
DA:14,1
DA:17,4
DA:18,4
DA:19,1
DA:22,3
DA:28,3
DA:37,0
DA:38,0
DA:39,0
DA:40,0
DA:41,0
DA:42,0
DA:44,0
DA:53,0
DA:54,0
DA:55,0
DA:56,0
DA:57,0
DA:58,0
DA:60,0
DA:69,5
DA:73,5
DA:83,0
DA:84,0
DA:85,0
DA:86,0
DA:87,0
DA:89,0
DA:90,0
DA:93,0
DA:94,0
DA:96,0
DA:105,1
DA:106,1
DA:109,1
LF:40
LH:16
BRDA:13,0,0,1
BRDA:13,0,1,4
BRDA:18,1,0,1
BRDA:18,1,1,3
BRDA:38,2,0,0
BRDA:38,2,1,0
BRDA:40,3,0,0
BRDA:40,3,1,0
BRDA:54,4,0,0
BRDA:54,4,1,0
BRDA:56,5,0,0
BRDA:56,5,1,0
BRDA:84,6,0,0
BRDA:84,6,1,0
BRDA:86,7,0,0
BRDA:86,7,1,0
BRDA:89,8,0,0
BRDA:89,8,1,0
BRDA:93,9,0,0
BRDA:93,9,1,0
BRF:20
BRH:4
end_of_record
TN:
SF:data/user-dal.js
FN:21,getUsers
FN:77,createUser
FN:88,updateUser
FN:92,getUserById
FNF:4
FNH:1
FNDA:0,getUsers
FNDA:8,createUser
FNDA:0,updateUser
FNDA:0,getUserById
DA:1,4
DA:22,0
DA:24,0
DA:30,0
DA:31,0
DA:65,0
DA:67,0
DA:69,0
DA:78,8
DA:79,8
DA:80,8
DA:89,0
DA:93,0
DA:96,4
LF:14
LH:5
BRDA:21,0,0,0
BRDA:22,1,0,0
BRDA:22,1,1,0
BRDA:30,2,0,0
BRDA:30,2,1,0
BRDA:67,3,0,0
BRDA:67,3,1,0
BRF:7
BRH:0
end_of_record
TN:
SF:email/account.js
FN:9,sendVerificationEmail
FN:17,(anonymous_1)
FN:20,(anonymous_2)
FN:31,sendAccountBlockedEmail
FN:38,(anonymous_4)
FN:41,(anonymous_5)
FN:52,sendAccountValidatedEmail
FN:59,(anonymous_7)
FN:62,(anonymous_8)
FNF:9
FNH:2
FNDA:8,sendVerificationEmail
FNDA:8,(anonymous_1)
FNDA:0,(anonymous_2)
FNDA:0,sendAccountBlockedEmail
FNDA:0,(anonymous_4)
FNDA:0,(anonymous_5)
FNDA:0,sendAccountValidatedEmail
FNDA:0,(anonymous_7)
FNDA:0,(anonymous_8)
DA:1,4
DA:10,8
DA:16,8
DA:18,8
DA:21,0
DA:32,0
DA:37,0
DA:39,0
DA:42,0
DA:53,0
DA:58,0
DA:60,0
DA:63,0
DA:67,4
LF:14
LH:5
BRF:0
BRH:0
end_of_record
TN:
SF:email/registered-hike.js
FN:4,sendRegisteredHikeTerminatedEmail
FN:7,(anonymous_1)
FN:8,(anonymous_2)
FNF:3
FNH:0
FNDA:0,sendRegisteredHikeTerminatedEmail
FNDA:0,(anonymous_1)
FNDA:0,(anonymous_2)
DA:1,1
DA:2,1
DA:5,0
DA:7,0
DA:8,0
DA:11,0
DA:18,1
LF:7
LH:3
BRF:0
BRH:0
end_of_record
TN:
SF:email/send-email.js
FN:8,sendEmail
FNF:1
FNH:1
FNDA:8,sendEmail
DA:1,4
DA:9,8
DA:17,8
DA:20,4
LF:4
LH:4
BRF:0
BRH:0
end_of_record
TN:
SF:helper/utility.js
FN:6,(anonymous_0)
FNF:1
FNH:1
FNDA:8,(anonymous_0)
DA:6,4
DA:7,8
DA:8,8
DA:9,8
DA:10,64
DA:12,8
DA:15,4
LF:7
LH:7
BRF:0
BRH:0
end_of_record
TN:
SF:models/enums.js
FNF:0
FNH:0
DA:2,4
DA:9,4
DA:16,4
DA:24,4
DA:31,4
DA:37,4
LF:6
LH:6
BRF:0
BRH:0
end_of_record
TN:
SF:models/hike-model.js
FNF:0
FNH:0
DA:1,2
DA:2,2
DA:3,2
DA:5,2
DA:18,2
DA:43,2
DA:45,2
LF:7
LH:7
BRF:0
BRH:0
end_of_record
TN:
SF:models/hut-model.js
FNF:0
FNH:0
DA:1,4
DA:2,4
DA:3,4
DA:4,4
DA:7,4
DA:48,4
LF:6
LH:6
BRF:0
BRH:0
end_of_record
TN:
SF:models/image-model.js
FNF:0
FNH:0
DA:1,4
DA:2,4
DA:5,4
DA:13,4
DA:15,4
LF:5
LH:5
BRF:0
BRH:0
end_of_record
TN:
SF:models/location-model.js
FNF:0
FNH:0
DA:1,4
DA:2,4
DA:3,4
DA:6,4
DA:27,4
DA:29,4
LF:6
LH:6
BRF:0
BRH:0
end_of_record
TN:
SF:models/parking-lot-model.js
FNF:0
FNH:0
DA:1,4
DA:2,4
DA:3,4
DA:4,4
DA:7,4
DA:27,4
LF:6
LH:6
BRF:0
BRH:0
end_of_record
TN:
SF:models/registered-hike-model.js
FNF:0
FNH:0
DA:1,1
DA:2,1
DA:3,1
DA:6,1
DA:20,1
DA:22,1
LF:6
LH:6
BRF:0
BRH:0
end_of_record
TN:
SF:models/user-model.js
FNF:0
FNH:0
DA:1,4
DA:2,4
DA:3,4
DA:6,4
DA:21,4
DA:23,4
LF:6
LH:6
BRF:0
BRH:0
end_of_record
TN:
SF:tests/sample-data.js
FN:10,(anonymous_0)
FN:27,(anonymous_1)
FN:44,(anonymous_2)
FN:77,(anonymous_3)
FN:94,(anonymous_4)
FNF:5
FNH:4
FNDA:4,(anonymous_0)
FNDA:4,(anonymous_1)
FNDA:5,(anonymous_2)
FNDA:1,(anonymous_3)
FNDA:0,(anonymous_4)
DA:1,1
DA:2,1
DA:3,1
DA:4,1
DA:5,1
DA:6,1
DA:8,1
DA:10,1
DA:11,4
DA:12,4
DA:24,4
DA:27,1
DA:28,4
DA:29,4
DA:41,4
DA:44,1
DA:45,5
DA:47,5
DA:74,5
DA:77,1
DA:78,1
DA:79,1
DA:91,1
DA:94,1
DA:96,0
DA:97,0
DA:109,0
DA:112,1
LF:28
LH:25
BRF:0
BRH:0
end_of_record
TN:
SF:tests/setup.js
FN:5,removeAllCollections
FN:13,dropAllCollections
FN:26,ResponseHelper
FN:29,(anonymous_3)
FN:33,(anonymous_4)
FN:37,(anonymous_5)
FN:43,(anonymous_6)
FN:45,(anonymous_7)
FN:51,(anonymous_8)
FN:56,(anonymous_9)
FNF:10
FNH:9
FNDA:4,removeAllCollections
FNDA:1,dropAllCollections
FNDA:19,ResponseHelper
FNDA:19,(anonymous_3)
FNDA:19,(anonymous_4)
FNDA:0,(anonymous_5)
FNDA:4,(anonymous_6)
FNDA:1,(anonymous_7)
FNDA:4,(anonymous_8)
FNDA:1,(anonymous_9)
DA:2,4
DA:3,4
DA:6,4
DA:7,4
DA:8,20
DA:9,20
DA:14,1
DA:15,1
DA:16,5
DA:17,5
DA:18,5
DA:20,0
DA:21,0
DA:27,19
DA:28,19
DA:29,19
DA:30,19
DA:31,19
DA:33,19
DA:34,19
DA:35,19
DA:37,19
DA:38,0
DA:42,4
DA:45,4
DA:46,1
DA:47,1
DA:51,4
DA:52,4
DA:56,4
DA:57,1
DA:58,1
LF:32
LH:29
BRDA:20,0,0,0
BRDA:20,0,1,0
BRF:2
BRH:0
end_of_record
