TN:
SF:controllers\hike-controller.js
FN:14,getHikes
FN:90,getHikeById
FN:113,createHike
FN:160,updateHike
FN:194,updateHikeCondition
FNF:5
FNH:4
FNDA:2,getHikes
FNDA:3,getHikeById
FNDA:15,createHike
FNDA:5,updateHike
FNDA:0,updateHikeCondition
DA:1,2
DA:2,2
DA:3,2
DA:4,2
DA:5,2
DA:15,2
DA:16,2
DA:18,2
DA:47,2
DA:49,2
DA:51,1
DA:53,1
DA:54,1
DA:55,1
DA:56,1
DA:57,1
DA:58,1
DA:59,1
DA:60,1
DA:61,1
DA:62,1
DA:63,1
DA:64,0
DA:76,1
DA:77,1
DA:79,1
DA:91,3
DA:92,3
DA:94,3
DA:96,2
DA:97,1
DA:100,1
DA:102,1
DA:114,15
DA:116,15
DA:119,15
DA:138,15
DA:140,15
DA:144,14
DA:146,14
DA:147,14
DA:149,1
DA:161,5
DA:163,5
DA:166,5
DA:182,5
DA:184,5
DA:186,5
DA:188,5
DA:190,0
DA:195,0
DA:197,0
DA:200,0
DA:206,0
DA:209,0
DA:211,0
DA:213,0
DA:215,0
DA:216,0
DA:219,2
LF:60
LH:49
BRDA:49,0,0,1
BRDA:49,0,1,1
BRDA:53,1,0,1
BRDA:53,1,1,0
BRDA:54,2,0,1
BRDA:54,2,1,0
BRDA:55,3,0,1
BRDA:55,3,1,0
BRDA:56,4,0,1
BRDA:56,4,1,0
BRDA:57,5,0,1
BRDA:57,5,1,0
BRDA:59,6,0,1
BRDA:59,6,1,0
BRDA:61,7,0,1
BRDA:61,7,1,0
BRDA:62,8,0,0
BRDA:62,8,1,1
BRDA:63,9,0,0
BRDA:63,9,1,1
BRDA:63,10,0,1
BRDA:63,10,1,0
BRDA:63,10,2,0
BRDA:96,11,0,1
BRDA:96,11,1,1
BRDA:140,12,0,1
BRDA:140,12,1,14
BRDA:184,13,0,0
BRDA:184,13,1,5
BRDA:209,14,0,0
BRDA:209,14,1,0
BRF:31
BRH:17
end_of_record
TN:
SF:controllers\location-controller.js
FN:14,getLocations
FN:68,getLocationById
FN:87,createLocation
FN:148,updateLocationDescription
FN:167,updateLocation
FNF:5
FNH:4
FNDA:2,getLocations
FNDA:0,getLocationById
FNDA:11,createLocation
FNDA:2,updateLocationDescription
FNDA:3,updateLocation
DA:1,2
DA:2,2
DA:3,2
DA:4,2
DA:5,2
DA:15,2
DA:16,2
DA:17,2
DA:36,2
DA:37,2
DA:39,1
DA:41,1
DA:42,1
DA:43,1
DA:44,1
DA:45,0
DA:55,1
DA:56,1
DA:58,1
DA:69,0
DA:70,0
DA:72,0
DA:74,0
DA:76,0
DA:88,11
DA:90,11
DA:93,11
DA:136,11
DA:138,11
DA:141,9
DA:142,9
DA:144,2
DA:149,2
DA:150,2
DA:151,2
DA:152,2
DA:156,2
DA:158,2
DA:159,1
DA:160,1
DA:161,1
DA:163,1
DA:168,3
DA:169,3
DA:170,3
DA:172,3
DA:208,3
DA:210,3
DA:212,2
DA:213,2
DA:214,2
DA:216,1
DA:220,2
LF:53
LH:47
BRDA:37,0,0,1
BRDA:37,0,1,1
BRDA:41,1,0,0
BRDA:41,1,1,1
BRDA:42,2,0,0
BRDA:42,2,1,1
BRDA:43,3,0,0
BRDA:43,3,1,1
BRDA:44,4,0,0
BRDA:44,4,1,1
BRDA:44,5,0,1
BRDA:44,5,1,0
BRDA:44,5,2,0
BRDA:138,6,0,2
BRDA:138,6,1,9
BRDA:158,7,0,1
BRDA:158,7,1,1
BRDA:210,8,0,1
BRDA:210,8,1,2
BRF:19
BRH:13
end_of_record
TN:
SF:controllers\registered-hike-controller.js
FN:6,startHike
FN:17,planHike
FN:28,endHike
FN:32,(anonymous_3)
FN:49,startPlannedHike
FN:53,(anonymous_5)
FN:70,getRegisteredHikes
FN:81,getStats
FN:88,(anonymous_8)
FN:89,(anonymous_9)
FN:90,(anonymous_10)
FN:91,(anonymous_11)
FN:92,(anonymous_12)
FN:93,(anonymous_13)
FN:94,(anonymous_14)
FN:95,(anonymous_15)
FNF:16
FNH:13
FNDA:8,startHike
FNDA:0,planHike
FNDA:5,endHike
FNDA:3,(anonymous_3)
FNDA:0,startPlannedHike
FNDA:0,(anonymous_5)
FNDA:2,getRegisteredHikes
FNDA:2,getStats
FNDA:1,(anonymous_8)
FNDA:1,(anonymous_9)
FNDA:1,(anonymous_10)
FNDA:1,(anonymous_11)
FNDA:1,(anonymous_12)
FNDA:1,(anonymous_13)
FNDA:1,(anonymous_14)
FNDA:1,(anonymous_15)
DA:1,2
DA:2,2
DA:3,2
DA:4,2
DA:7,8
DA:8,8
DA:10,8
DA:11,6
DA:13,2
DA:18,0
DA:19,0
DA:21,0
DA:22,0
DA:24,0
DA:29,5
DA:30,5
DA:31,5
DA:32,4
DA:33,1
DA:37,3
DA:39,3
DA:43,3
DA:45,1
DA:50,0
DA:51,0
DA:52,0
DA:53,0
DA:54,0
DA:58,0
DA:60,0
DA:64,0
DA:66,0
DA:71,2
DA:73,2
DA:74,2
DA:75,1
DA:77,1
DA:82,2
DA:84,2
DA:85,2
DA:86,1
DA:88,1
DA:89,1
DA:90,1
DA:91,1
DA:92,1
DA:93,1
DA:94,1
DA:95,1
DA:97,1
DA:99,1
DA:102,2
LF:52
LH:38
BRDA:32,0,0,1
BRDA:32,0,1,3
BRDA:32,1,0,4
BRDA:32,1,1,3
BRDA:53,2,0,0
BRDA:53,2,1,0
BRDA:53,3,0,0
BRDA:53,3,1,0
BRF:8
BRH:4
end_of_record
TN:
SF:controllers\user-controller.js
FN:15,getUsers
FN:36,(anonymous_1)
FN:44,(anonymous_2)
FN:61,createUser
FN:93,(anonymous_4)
FN:94,(anonymous_5)
FN:119,(anonymous_6)
FN:138,(anonymous_7)
FN:149,verifyUser
FN:176,updateUser
FN:224,getPreferences
FN:238,updatePreferences
FN:251,deletePreferences
FNF:13
FNH:8
FNDA:2,getUsers
FNDA:0,(anonymous_1)
FNDA:0,(anonymous_2)
FNDA:38,createUser
FNDA:0,(anonymous_4)
FNDA:0,(anonymous_5)
FNDA:0,(anonymous_6)
FNDA:1,(anonymous_7)
FNDA:2,verifyUser
FNDA:4,updateUser
FNDA:3,getPreferences
FNDA:4,updatePreferences
FNDA:2,deletePreferences
DA:1,4
DA:2,4
DA:3,4
DA:4,4
DA:5,4
DA:6,4
DA:11,4
DA:13,4
DA:16,2
DA:17,2
DA:19,2
DA:27,2
DA:29,2
DA:31,2
DA:33,2
DA:34,2
DA:35,1
DA:37,0
DA:38,0
DA:42,1
DA:45,0
DA:46,0
DA:50,0
DA:62,38
DA:64,38
DA:67,38
DA:86,38
DA:88,38
DA:91,37
DA:93,0
DA:94,0
DA:97,0
DA:100,37
DA:102,37
DA:104,37
DA:106,37
DA:108,37
DA:118,36
DA:119,0
DA:120,0
DA:121,0
DA:122,0
DA:126,36
DA:127,36
DA:131,2
DA:132,1
DA:136,1
DA:138,1
DA:150,2
DA:151,2
DA:152,2
DA:153,2
DA:154,2
DA:155,1
DA:158,1
DA:159,1
DA:162,1
DA:163,1
DA:167,1
DA:172,0
DA:177,4
DA:178,4
DA:179,4
DA:181,4
DA:192,4
DA:194,4
DA:196,3
DA:198,3
DA:199,3
DA:200,1
DA:201,1
DA:203,1
DA:204,1
DA:206,3
DA:208,3
DA:210,3
DA:211,1
DA:212,1
DA:214,0
DA:218,3
DA:220,1
DA:225,3
DA:226,3
DA:227,3
DA:228,2
DA:229,1
DA:231,1
DA:234,1
DA:239,4
DA:240,4
DA:241,4
DA:242,3
DA:245,3
DA:247,1
DA:252,2
DA:253,2
DA:254,2
DA:255,1
DA:256,1
DA:259,1
DA:261,1
DA:265,4
LF:102
LH:88
BRDA:29,0,0,0
BRDA:29,0,1,2
BRDA:34,1,0,1
BRDA:34,1,1,1
BRDA:88,2,0,1
BRDA:88,2,1,37
BRDA:91,3,0,0
BRDA:91,3,1,37
BRDA:92,4,0,37
BRDA:92,4,1,0
BRDA:118,5,0,0
BRDA:118,5,1,36
BRDA:131,6,0,1
BRDA:131,6,1,1
BRDA:131,7,0,2
BRDA:131,7,1,1
BRDA:154,8,0,1
BRDA:154,8,1,1
BRDA:158,9,0,1
BRDA:158,9,1,0
BRDA:194,10,0,1
BRDA:194,10,1,3
BRDA:198,11,0,1
BRDA:198,11,1,2
BRDA:199,12,0,1
BRDA:199,12,1,2
BRDA:199,13,0,3
BRDA:199,13,1,1
BRDA:206,14,0,1
BRDA:206,14,1,2
BRDA:210,15,0,1
BRDA:210,15,1,2
BRDA:211,16,0,1
BRDA:211,16,1,0
BRDA:227,17,0,2
BRDA:227,17,1,1
BRDA:228,18,0,1
BRDA:228,18,1,1
BRDA:241,19,0,3
BRDA:241,19,1,1
BRDA:254,20,0,1
BRDA:254,20,1,1
BRF:42
BRH:36
end_of_record
TN:
SF:data\hike-dal.js
FN:153,getHikes
FN:213,createHike
FN:223,(anonymous_2)
FN:235,getHikeById
FN:254,updateHike
FN:258,(anonymous_5)
FNF:6
FNH:6
FNDA:1,getHikes
FNDA:14,createHike
FNDA:2065,(anonymous_2)
FNDA:8,getHikeById
FNDA:5,updateHike
FNDA:3,(anonymous_5)
DA:1,2
DA:2,2
DA:3,2
DA:4,2
DA:5,2
DA:65,2
DA:154,1
DA:156,1
DA:157,1
DA:158,0
DA:159,0
DA:161,1
DA:169,1
DA:170,1
DA:203,1
DA:204,1
DA:205,0
DA:214,14
DA:215,0
DA:216,0
DA:219,14
DA:223,2065
DA:226,14
DA:227,14
DA:236,8
DA:245,7
DA:255,5
DA:256,1
DA:258,3
DA:262,5
DA:263,0
DA:264,0
DA:267,5
DA:269,5
DA:272,2
LF:35
LH:28
BRDA:153,0,0,0
BRDA:154,1,0,1
BRDA:154,1,1,1
BRDA:157,2,0,0
BRDA:157,2,1,1
BRDA:169,3,0,1
BRDA:169,3,1,0
BRDA:204,4,0,1
BRDA:204,4,1,0
BRDA:214,5,0,0
BRDA:214,5,1,14
BRDA:255,6,0,1
BRDA:255,6,1,4
BRDA:262,7,0,0
BRDA:262,7,1,5
BRF:15
BRH:9
end_of_record
TN:
SF:data\location-dal.js
FN:21,getLocations
FN:84,getLocationById
FN:94,createLocation
FN:118,updateLocationDescription
FN:130,updateLocation
FNF:5
FNH:5
FNDA:1,getLocations
FNDA:2,getLocationById
FNDA:9,createLocation
FNDA:1,updateLocationDescription
FNDA:2,updateLocation
DA:1,4
DA:2,4
DA:3,4
DA:4,4
DA:5,4
DA:22,1
DA:24,1
DA:30,1
DA:31,0
DA:73,1
DA:75,1
DA:76,1
DA:85,2
DA:86,2
DA:95,9
DA:96,9
DA:97,4
DA:98,4
DA:99,0
DA:100,0
DA:102,4
DA:103,5
DA:104,1
DA:106,4
DA:108,9
DA:109,9
DA:119,1
DA:120,1
DA:131,2
DA:132,2
DA:136,2
DA:137,0
DA:143,2
DA:146,4
LF:34
LH:30
BRDA:21,0,0,0
BRDA:22,1,0,1
BRDA:22,1,1,0
BRDA:30,2,0,0
BRDA:30,2,1,1
BRDA:75,3,0,0
BRDA:75,3,1,1
BRDA:96,4,0,4
BRDA:96,4,1,5
BRDA:98,5,0,0
BRDA:98,5,1,4
BRDA:103,6,0,1
BRDA:103,6,1,4
BRDA:131,7,0,2
BRDA:131,7,1,0
BRDA:136,8,0,0
BRDA:136,8,1,2
BRF:17
BRH:10
end_of_record
TN:
SF:data\registered-hike-dal.js
FN:12,insert
FN:38,insertPlan
FN:59,completeRegisteredHike
FN:75,startPlannedHike
FN:90,cancelRegisteredHike
FN:106,userHasActiveRecordedHikes
FN:120,addBuddyToRegisteredHike
FN:131,(anonymous_7)
FN:142,getRegisteredHikeByUserId
FN:147,getCompletedRegisteredHikeByUserId
FNF:10
FNH:6
FNDA:8,insert
FNDA:0,insertPlan
FNDA:3,completeRegisteredHike
FNDA:0,startPlannedHike
FNDA:0,cancelRegisteredHike
FNDA:8,userHasActiveRecordedHikes
FNDA:1,addBuddyToRegisteredHike
FNDA:0,(anonymous_7)
FNDA:7,getRegisteredHikeByUserId
FNDA:2,getCompletedRegisteredHikeByUserId
DA:1,2
DA:2,2
DA:3,2
DA:4,2
DA:13,8
DA:14,1
DA:17,7
DA:18,7
DA:19,1
DA:22,6
DA:28,6
DA:40,0
DA:41,0
DA:42,0
DA:45,0
DA:51,0
DA:60,3
DA:61,3
DA:62,0
DA:63,3
DA:64,3
DA:65,3
DA:67,3
DA:76,0
DA:77,0
DA:78,0
DA:79,0
DA:80,0
DA:82,0
DA:91,0
DA:92,0
DA:93,0
DA:94,0
DA:95,0
DA:96,0
DA:98,0
DA:107,8
DA:111,8
DA:121,1
DA:122,1
DA:123,0
DA:124,1
DA:125,0
DA:127,1
DA:128,0
DA:131,1
DA:132,1
DA:134,1
DA:143,7
DA:144,5
DA:148,2
DA:149,1
DA:152,2
LF:53
LH:31
BRDA:13,0,0,1
BRDA:13,0,1,7
BRDA:18,1,0,1
BRDA:18,1,1,6
BRDA:41,2,0,0
BRDA:41,2,1,0
BRDA:61,3,0,0
BRDA:61,3,1,3
BRDA:63,4,0,3
BRDA:63,4,1,0
BRDA:77,5,0,0
BRDA:77,5,1,0
BRDA:79,6,0,0
BRDA:79,6,1,0
BRDA:92,7,0,0
BRDA:92,7,1,0
BRDA:94,8,0,0
BRDA:94,8,1,0
BRDA:122,9,0,0
BRDA:122,9,1,1
BRDA:124,10,0,0
BRDA:124,10,1,1
BRDA:127,11,0,0
BRDA:127,11,1,1
BRDA:131,12,0,1
BRDA:131,12,1,0
BRF:26
BRH:10
end_of_record
TN:
SF:data\user-dal.js
FN:21,getUsers
FN:77,createUser
FN:88,updateUser
FN:92,getUserById
FNF:4
FNH:4
FNDA:4,getUsers
FNDA:37,createUser
FNDA:8,updateUser
FNDA:10,getUserById
DA:1,4
DA:22,4
DA:24,4
DA:30,4
DA:31,1
DA:65,4
DA:67,4
DA:69,3
DA:78,37
DA:79,37
DA:80,36
DA:89,8
DA:93,10
DA:96,4
LF:14
LH:14
BRDA:21,0,0,0
BRDA:22,1,0,4
BRDA:22,1,1,1
BRDA:30,2,0,1
BRDA:30,2,1,3
BRDA:67,3,0,1
BRDA:67,3,1,3
BRF:7
BRH:6
end_of_record
TN:
SF:email\account.js
FN:9,sendVerificationEmail
FN:25,sendAccountBlockedEmail
FN:40,sendAccountValidatedEmail
FNF:3
FNH:2
FNDA:36,sendVerificationEmail
FNDA:0,sendAccountBlockedEmail
FNDA:1,sendAccountValidatedEmail
DA:1,4
DA:10,36
DA:16,36
DA:26,0
DA:31,0
DA:41,1
DA:46,1
DA:49,4
LF:8
LH:6
BRF:0
BRH:0
end_of_record
TN:
SF:email\registered-hike.js
FN:4,sendRegisteredHikeTerminatedEmail
FN:7,(anonymous_1)
FN:8,(anonymous_2)
FNF:3
FNH:3
FNDA:3,sendRegisteredHikeTerminatedEmail
FNDA:1,(anonymous_1)
FNDA:1,(anonymous_2)
DA:1,2
DA:2,2
DA:5,3
DA:7,1
DA:8,1
DA:11,3
DA:12,1
DA:20,2
LF:8
LH:8
BRDA:11,0,0,1
BRDA:11,0,1,2
BRF:2
BRH:2
end_of_record
TN:
SF:email\send-email.js
FN:8,sendEmail
FNF:1
FNH:1
FNDA:38,sendEmail
DA:1,4
DA:9,38
DA:17,38
DA:20,4
LF:4
LH:4
BRF:0
BRH:0
end_of_record
TN:
SF:helper\utility.js
FN:6,(anonymous_0)
FNF:1
FNH:1
FNDA:37,(anonymous_0)
DA:6,4
DA:7,37
DA:8,37
DA:9,37
DA:10,296
DA:12,37
DA:15,4
LF:7
LH:7
BRF:0
BRH:0
end_of_record
TN:
SF:models\enums.js
FNF:0
FNH:0
DA:2,4
DA:9,4
DA:16,4
DA:24,4
DA:31,4
DA:38,4
LF:6
LH:6
BRF:0
BRH:0
end_of_record
TN:
SF:models\hike-model.js
FNF:0
FNH:0
DA:1,2
DA:2,2
DA:3,2
DA:5,2
DA:18,2
DA:43,2
DA:45,2
LF:7
LH:7
BRF:0
BRH:0
end_of_record
TN:
SF:models\hut-model.js
FNF:0
FNH:0
DA:1,4
DA:2,4
DA:3,4
DA:4,4
DA:7,4
DA:48,4
LF:6
LH:6
BRF:0
BRH:0
end_of_record
TN:
SF:models\image-model.js
FNF:0
FNH:0
DA:1,4
DA:2,4
DA:5,4
DA:13,4
DA:15,4
LF:5
LH:5
BRF:0
BRH:0
end_of_record
TN:
SF:models\location-model.js
FNF:0
FNH:0
DA:1,4
DA:2,4
DA:3,4
DA:6,4
DA:27,4
DA:29,4
LF:6
LH:6
BRF:0
BRH:0
end_of_record
TN:
SF:models\parking-lot-model.js
FNF:0
FNH:0
DA:1,4
DA:2,4
DA:3,4
DA:4,4
DA:7,4
DA:27,4
LF:6
LH:6
BRF:0
BRH:0
end_of_record
TN:
SF:models\registered-hike-model.js
FNF:0
FNH:0
DA:1,2
DA:2,2
DA:3,2
DA:6,2
DA:20,2
DA:22,2
LF:6
LH:6
BRF:0
BRH:0
end_of_record
TN:
SF:models\user-model.js
FNF:0
FNH:0
DA:1,4
DA:2,4
DA:3,4
DA:6,4
DA:21,4
DA:23,4
LF:6
LH:6
BRF:0
BRH:0
end_of_record
TN:
SF:tests\sample-data.js
FN:10,(anonymous_0)
FN:27,(anonymous_1)
FN:44,(anonymous_2)
FN:77,(anonymous_3)
FN:92,(anonymous_4)
FNF:5
FNH:5
FNDA:8,(anonymous_0)
FNDA:13,(anonymous_1)
FNDA:7,(anonymous_2)
FNDA:8,(anonymous_3)
FNDA:5,(anonymous_4)
DA:1,2
DA:2,2
DA:3,2
DA:4,2
DA:5,2
DA:6,2
DA:8,2
DA:10,2
DA:11,8
DA:12,8
DA:24,8
DA:27,2
DA:28,13
DA:29,13
DA:41,13
DA:44,2
DA:45,7
DA:47,7
DA:74,7
DA:77,2
DA:78,8
DA:79,8
DA:89,8
DA:92,2
DA:94,5
DA:95,5
DA:105,5
DA:108,2
LF:28
LH:28
BRF:0
BRH:0
end_of_record
TN:
SF:tests\setup.js
FN:5,removeAllCollections
FN:13,dropAllCollections
FN:26,ResponseHelper
FN:29,(anonymous_3)
FN:33,(anonymous_4)
FN:37,(anonymous_5)
FN:43,(anonymous_6)
FN:45,(anonymous_7)
FN:51,(anonymous_8)
FN:56,(anonymous_9)
FNF:10
FNH:10
FNDA:53,removeAllCollections
FNDA:4,dropAllCollections
FNDA:108,ResponseHelper
FNDA:115,(anonymous_3)
FNDA:115,(anonymous_4)
FNDA:3,(anonymous_5)
FNDA:4,(anonymous_6)
FNDA:4,(anonymous_7)
FNDA:53,(anonymous_8)
FNDA:4,(anonymous_9)
DA:2,4
DA:3,4
DA:6,53
DA:7,53
DA:8,205
DA:9,205
DA:14,4
DA:15,4
DA:16,16
DA:17,16
DA:18,16
DA:20,0
DA:21,0
DA:27,108
DA:28,108
DA:29,108
DA:30,115
DA:31,115
DA:33,108
DA:34,115
DA:35,115
DA:37,108
DA:38,3
DA:42,4
DA:45,4
DA:46,4
DA:47,4
DA:51,4
DA:52,53
DA:56,4
DA:57,4
DA:58,4
LF:32
LH:30
BRDA:20,0,0,0
BRDA:20,0,1,0
BRF:2
BRH:0
end_of_record
